2021-10-19 14:33:43 [background-preinit] INFO  org.hibernate.validator.internal.util.Version - HV000001: Hibernate Validator 6.0.21.Final
2021-10-19 14:33:43 [main] INFO  com.example.admin.KafkaTest - Starting KafkaTest on AmydeMacBook-Pro.local with PID 2846 (started by amy in /Users/amy/lucky/demo2/demo/admin)
2021-10-19 14:33:43 [main] INFO  com.example.admin.KafkaTest - The following profiles are active: offline
2021-10-19 14:33:45 [main] INFO  o.s.d.r.config.RepositoryConfigurationDelegate - Multiple Spring Data modules found, entering strict repository configuration mode!
2021-10-19 14:33:45 [main] INFO  o.s.d.r.config.RepositoryConfigurationDelegate - Bootstrapping Spring Data Redis repositories in DEFAULT mode.
2021-10-19 14:33:45 [main] INFO  o.s.d.r.config.RepositoryConfigurationDelegate - Finished Spring Data repository scanning in 93ms. Found 0 Redis repository interfaces.
2021-10-19 14:33:46 [main] INFO  o.s.c.s.PostProcessorRegistrationDelegate$BeanPostProcessorChecker - Bean 'aopAccessLoggerSupportAutoConfiguration' of type [com.example.admin.commons.config.AopAccessLoggerSupportAutoConfiguration$$EnhancerBySpringCGLIB$$9f796efc] is not eligible for getting processed by all BeanPostProcessors (for example: not eligible for auto-proxying)
2021-10-19 14:33:47 [main] INFO  o.s.c.s.PostProcessorRegistrationDelegate$BeanPostProcessorChecker - Bean 'aopAccessLoggerSupport' of type [com.example.admin.commons.aop.AopAccessLoggerSupport] is not eligible for getting processed by all BeanPostProcessors (for example: not eligible for auto-proxying)
2021-10-19 14:33:48 [main] INFO  o.s.boot.web.embedded.tomcat.TomcatWebServer - Tomcat initialized with port(s): 0 (http)
2021-10-19 14:33:48 [main] INFO  org.apache.coyote.http11.Http11NioProtocol - Initializing ProtocolHandler ["http-nio-auto-1"]
2021-10-19 14:33:48 [main] INFO  org.apache.catalina.core.StandardService - Starting service [Tomcat]
2021-10-19 14:33:48 [main] INFO  org.apache.catalina.core.StandardEngine - Starting Servlet engine: [Apache Tomcat/9.0.39]
2021-10-19 14:33:48 [main] INFO  o.a.c.c.ContainerBase.[Tomcat].[localhost].[/girl] - Initializing Spring embedded WebApplicationContext
2021-10-19 14:33:48 [main] INFO  o.s.b.w.s.c.ServletWebServerApplicationContext - Root WebApplicationContext: initialization completed in 4604 ms
2021-10-19 14:33:49 [main] INFO  c.e.admin.commons.config.LoggerTaskExecutorConfig - loggerTaskExecutor.coreSize:16
2021-10-19 14:33:52 [main] INFO  io.searchbox.client.AbstractJestClient - Setting server pool to a list of 1 servers: [http://172.16.0.63:29200]
2021-10-19 14:33:52 [main] INFO  io.searchbox.client.JestClientFactory - Using multi thread/connection supporting pooling connection manager
2021-10-19 14:33:52 [main] INFO  io.searchbox.client.JestClientFactory - Using custom GSON instance
2021-10-19 14:33:52 [main] INFO  io.searchbox.client.JestClientFactory - Node Discovery disabled...
2021-10-19 14:33:52 [main] INFO  io.searchbox.client.JestClientFactory - Idle connection reaping disabled...
2021-10-19 14:33:53 [main] INFO  org.apache.kafka.clients.consumer.ConsumerConfig - ConsumerConfig values: 
	allow.auto.create.topics = true
	auto.commit.interval.ms = 100
	auto.offset.reset = earliest
	bootstrap.servers = [192.168.11.116:9092]
	check.crcs = true
	client.dns.lookup = default
	client.id = 
	client.rack = 
	connections.max.idle.ms = 540000
	default.api.timeout.ms = 60000
	enable.auto.commit = true
	exclude.internal.topics = true
	fetch.max.bytes = 52428800
	fetch.max.wait.ms = 500
	fetch.min.bytes = 1
	group.id = my_test_group1
	group.instance.id = null
	heartbeat.interval.ms = 3000
	interceptor.classes = []
	internal.leave.group.on.close = true
	isolation.level = read_uncommitted
	key.deserializer = class org.apache.kafka.common.serialization.StringDeserializer
	max.partition.fetch.bytes = 1048576
	max.poll.interval.ms = 300000
	max.poll.records = 500
	metadata.max.age.ms = 300000
	metric.reporters = []
	metrics.num.samples = 2
	metrics.recording.level = INFO
	metrics.sample.window.ms = 30000
	partition.assignment.strategy = [class org.apache.kafka.clients.consumer.RangeAssignor]
	receive.buffer.bytes = 65536
	reconnect.backoff.max.ms = 1000
	reconnect.backoff.ms = 50
	request.timeout.ms = 30000
	retry.backoff.ms = 100
	sasl.client.callback.handler.class = null
	sasl.jaas.config = null
	sasl.kerberos.kinit.cmd = /usr/bin/kinit
	sasl.kerberos.min.time.before.relogin = 60000
	sasl.kerberos.service.name = null
	sasl.kerberos.ticket.renew.jitter = 0.05
	sasl.kerberos.ticket.renew.window.factor = 0.8
	sasl.login.callback.handler.class = null
	sasl.login.class = null
	sasl.login.refresh.buffer.seconds = 300
	sasl.login.refresh.min.period.seconds = 60
	sasl.login.refresh.window.factor = 0.8
	sasl.login.refresh.window.jitter = 0.05
	sasl.mechanism = GSSAPI
	security.protocol = PLAINTEXT
	send.buffer.bytes = 131072
	session.timeout.ms = 10000
	ssl.cipher.suites = null
	ssl.enabled.protocols = [TLSv1.2, TLSv1.1, TLSv1]
	ssl.endpoint.identification.algorithm = https
	ssl.key.password = null
	ssl.keymanager.algorithm = SunX509
	ssl.keystore.location = null
	ssl.keystore.password = null
	ssl.keystore.type = JKS
	ssl.protocol = TLS
	ssl.provider = null
	ssl.secure.random.implementation = null
	ssl.trustmanager.algorithm = PKIX
	ssl.truststore.location = null
	ssl.truststore.password = null
	ssl.truststore.type = JKS
	value.deserializer = class org.apache.kafka.common.serialization.StringDeserializer

2021-10-19 14:33:53 [main] INFO  org.apache.kafka.common.utils.AppInfoParser - Kafka version: 2.3.1
2021-10-19 14:33:53 [main] INFO  org.apache.kafka.common.utils.AppInfoParser - Kafka commitId: 18a913733fb71c01
2021-10-19 14:33:53 [main] INFO  org.apache.kafka.common.utils.AppInfoParser - Kafka startTimeMs: 1634625233585
2021-10-19 14:33:53 [main] INFO  org.apache.kafka.clients.consumer.KafkaConsumer - [Consumer clientId=consumer-1, groupId=my_test_group1] Subscribed to topic(s): order_test
2021-10-19 14:33:53 [main] INFO  o.s.scheduling.concurrent.ThreadPoolTaskScheduler - Initializing ExecutorService
2021-10-19 14:33:53 [main] INFO  org.apache.kafka.clients.consumer.ConsumerConfig - ConsumerConfig values: 
	allow.auto.create.topics = true
	auto.commit.interval.ms = 100
	auto.offset.reset = earliest
	bootstrap.servers = [192.168.11.116:9092]
	check.crcs = true
	client.dns.lookup = default
	client.id = 
	client.rack = 
	connections.max.idle.ms = 540000
	default.api.timeout.ms = 60000
	enable.auto.commit = true
	exclude.internal.topics = true
	fetch.max.bytes = 52428800
	fetch.max.wait.ms = 500
	fetch.min.bytes = 1
	group.id = my_test_group1
	group.instance.id = null
	heartbeat.interval.ms = 3000
	interceptor.classes = []
	internal.leave.group.on.close = true
	isolation.level = read_uncommitted
	key.deserializer = class org.apache.kafka.common.serialization.StringDeserializer
	max.partition.fetch.bytes = 1048576
	max.poll.interval.ms = 300000
	max.poll.records = 500
	metadata.max.age.ms = 300000
	metric.reporters = []
	metrics.num.samples = 2
	metrics.recording.level = INFO
	metrics.sample.window.ms = 30000
	partition.assignment.strategy = [class org.apache.kafka.clients.consumer.RangeAssignor]
	receive.buffer.bytes = 65536
	reconnect.backoff.max.ms = 1000
	reconnect.backoff.ms = 50
	request.timeout.ms = 30000
	retry.backoff.ms = 100
	sasl.client.callback.handler.class = null
	sasl.jaas.config = null
	sasl.kerberos.kinit.cmd = /usr/bin/kinit
	sasl.kerberos.min.time.before.relogin = 60000
	sasl.kerberos.service.name = null
	sasl.kerberos.ticket.renew.jitter = 0.05
	sasl.kerberos.ticket.renew.window.factor = 0.8
	sasl.login.callback.handler.class = null
	sasl.login.class = null
	sasl.login.refresh.buffer.seconds = 300
	sasl.login.refresh.min.period.seconds = 60
	sasl.login.refresh.window.factor = 0.8
	sasl.login.refresh.window.jitter = 0.05
	sasl.mechanism = GSSAPI
	security.protocol = PLAINTEXT
	send.buffer.bytes = 131072
	session.timeout.ms = 10000
	ssl.cipher.suites = null
	ssl.enabled.protocols = [TLSv1.2, TLSv1.1, TLSv1]
	ssl.endpoint.identification.algorithm = https
	ssl.key.password = null
	ssl.keymanager.algorithm = SunX509
	ssl.keystore.location = null
	ssl.keystore.password = null
	ssl.keystore.type = JKS
	ssl.protocol = TLS
	ssl.provider = null
	ssl.secure.random.implementation = null
	ssl.trustmanager.algorithm = PKIX
	ssl.truststore.location = null
	ssl.truststore.password = null
	ssl.truststore.type = JKS
	value.deserializer = class org.apache.kafka.common.serialization.StringDeserializer

2021-10-19 14:33:53 [main] INFO  org.apache.kafka.common.utils.AppInfoParser - Kafka version: 2.3.1
2021-10-19 14:33:53 [main] INFO  org.apache.kafka.common.utils.AppInfoParser - Kafka commitId: 18a913733fb71c01
2021-10-19 14:33:53 [main] INFO  org.apache.kafka.common.utils.AppInfoParser - Kafka startTimeMs: 1634625233693
2021-10-19 14:33:53 [main] INFO  org.apache.kafka.clients.consumer.KafkaConsumer - [Consumer clientId=consumer-2, groupId=my_test_group1] Subscribed to topic(s): order_test
2021-10-19 14:33:53 [main] INFO  o.s.scheduling.concurrent.ThreadPoolTaskScheduler - Initializing ExecutorService
2021-10-19 14:33:53 [main] INFO  org.apache.kafka.clients.consumer.ConsumerConfig - ConsumerConfig values: 
	allow.auto.create.topics = true
	auto.commit.interval.ms = 100
	auto.offset.reset = earliest
	bootstrap.servers = [192.168.11.116:9092]
	check.crcs = true
	client.dns.lookup = default
	client.id = 
	client.rack = 
	connections.max.idle.ms = 540000
	default.api.timeout.ms = 60000
	enable.auto.commit = true
	exclude.internal.topics = true
	fetch.max.bytes = 52428800
	fetch.max.wait.ms = 500
	fetch.min.bytes = 1
	group.id = my_test_group1
	group.instance.id = null
	heartbeat.interval.ms = 3000
	interceptor.classes = []
	internal.leave.group.on.close = true
	isolation.level = read_uncommitted
	key.deserializer = class org.apache.kafka.common.serialization.StringDeserializer
	max.partition.fetch.bytes = 1048576
	max.poll.interval.ms = 300000
	max.poll.records = 500
	metadata.max.age.ms = 300000
	metric.reporters = []
	metrics.num.samples = 2
	metrics.recording.level = INFO
	metrics.sample.window.ms = 30000
	partition.assignment.strategy = [class org.apache.kafka.clients.consumer.RangeAssignor]
	receive.buffer.bytes = 65536
	reconnect.backoff.max.ms = 1000
	reconnect.backoff.ms = 50
	request.timeout.ms = 30000
	retry.backoff.ms = 100
	sasl.client.callback.handler.class = null
	sasl.jaas.config = null
	sasl.kerberos.kinit.cmd = /usr/bin/kinit
	sasl.kerberos.min.time.before.relogin = 60000
	sasl.kerberos.service.name = null
	sasl.kerberos.ticket.renew.jitter = 0.05
	sasl.kerberos.ticket.renew.window.factor = 0.8
	sasl.login.callback.handler.class = null
	sasl.login.class = null
	sasl.login.refresh.buffer.seconds = 300
	sasl.login.refresh.min.period.seconds = 60
	sasl.login.refresh.window.factor = 0.8
	sasl.login.refresh.window.jitter = 0.05
	sasl.mechanism = GSSAPI
	security.protocol = PLAINTEXT
	send.buffer.bytes = 131072
	session.timeout.ms = 10000
	ssl.cipher.suites = null
	ssl.enabled.protocols = [TLSv1.2, TLSv1.1, TLSv1]
	ssl.endpoint.identification.algorithm = https
	ssl.key.password = null
	ssl.keymanager.algorithm = SunX509
	ssl.keystore.location = null
	ssl.keystore.password = null
	ssl.keystore.type = JKS
	ssl.protocol = TLS
	ssl.provider = null
	ssl.secure.random.implementation = null
	ssl.trustmanager.algorithm = PKIX
	ssl.truststore.location = null
	ssl.truststore.password = null
	ssl.truststore.type = JKS
	value.deserializer = class org.apache.kafka.common.serialization.StringDeserializer

2021-10-19 14:33:53 [main] INFO  org.apache.kafka.common.utils.AppInfoParser - Kafka version: 2.3.1
2021-10-19 14:33:53 [main] INFO  org.apache.kafka.common.utils.AppInfoParser - Kafka commitId: 18a913733fb71c01
2021-10-19 14:33:53 [main] INFO  org.apache.kafka.common.utils.AppInfoParser - Kafka startTimeMs: 1634625233722
2021-10-19 14:33:53 [main] INFO  org.apache.kafka.clients.consumer.KafkaConsumer - [Consumer clientId=consumer-3, groupId=my_test_group1] Subscribed to topic(s): order_test
2021-10-19 14:33:53 [main] INFO  o.s.scheduling.concurrent.ThreadPoolTaskScheduler - Initializing ExecutorService
2021-10-19 14:33:53 [main] INFO  org.apache.kafka.clients.consumer.ConsumerConfig - ConsumerConfig values: 
	allow.auto.create.topics = true
	auto.commit.interval.ms = 100
	auto.offset.reset = earliest
	bootstrap.servers = [192.168.11.116:9092]
	check.crcs = true
	client.dns.lookup = default
	client.id = 
	client.rack = 
	connections.max.idle.ms = 540000
	default.api.timeout.ms = 60000
	enable.auto.commit = true
	exclude.internal.topics = true
	fetch.max.bytes = 52428800
	fetch.max.wait.ms = 500
	fetch.min.bytes = 1
	group.id = my_test_group1
	group.instance.id = null
	heartbeat.interval.ms = 3000
	interceptor.classes = []
	internal.leave.group.on.close = true
	isolation.level = read_uncommitted
	key.deserializer = class org.apache.kafka.common.serialization.StringDeserializer
	max.partition.fetch.bytes = 1048576
	max.poll.interval.ms = 300000
	max.poll.records = 500
	metadata.max.age.ms = 300000
	metric.reporters = []
	metrics.num.samples = 2
	metrics.recording.level = INFO
	metrics.sample.window.ms = 30000
	partition.assignment.strategy = [class org.apache.kafka.clients.consumer.RangeAssignor]
	receive.buffer.bytes = 65536
	reconnect.backoff.max.ms = 1000
	reconnect.backoff.ms = 50
	request.timeout.ms = 30000
	retry.backoff.ms = 100
	sasl.client.callback.handler.class = null
	sasl.jaas.config = null
	sasl.kerberos.kinit.cmd = /usr/bin/kinit
	sasl.kerberos.min.time.before.relogin = 60000
	sasl.kerberos.service.name = null
	sasl.kerberos.ticket.renew.jitter = 0.05
	sasl.kerberos.ticket.renew.window.factor = 0.8
	sasl.login.callback.handler.class = null
	sasl.login.class = null
	sasl.login.refresh.buffer.seconds = 300
	sasl.login.refresh.min.period.seconds = 60
	sasl.login.refresh.window.factor = 0.8
	sasl.login.refresh.window.jitter = 0.05
	sasl.mechanism = GSSAPI
	security.protocol = PLAINTEXT
	send.buffer.bytes = 131072
	session.timeout.ms = 10000
	ssl.cipher.suites = null
	ssl.enabled.protocols = [TLSv1.2, TLSv1.1, TLSv1]
	ssl.endpoint.identification.algorithm = https
	ssl.key.password = null
	ssl.keymanager.algorithm = SunX509
	ssl.keystore.location = null
	ssl.keystore.password = null
	ssl.keystore.type = JKS
	ssl.protocol = TLS
	ssl.provider = null
	ssl.secure.random.implementation = null
	ssl.trustmanager.algorithm = PKIX
	ssl.truststore.location = null
	ssl.truststore.password = null
	ssl.truststore.type = JKS
	value.deserializer = class org.apache.kafka.common.serialization.StringDeserializer

2021-10-19 14:33:53 [main] INFO  org.apache.kafka.common.utils.AppInfoParser - Kafka version: 2.3.1
2021-10-19 14:33:53 [main] INFO  org.apache.kafka.common.utils.AppInfoParser - Kafka commitId: 18a913733fb71c01
2021-10-19 14:33:53 [main] INFO  org.apache.kafka.common.utils.AppInfoParser - Kafka startTimeMs: 1634625233757
2021-10-19 14:33:53 [main] INFO  org.apache.kafka.clients.consumer.KafkaConsumer - [Consumer clientId=consumer-4, groupId=my_test_group1] Subscribed to topic(s): order_test
2021-10-19 14:33:53 [main] INFO  o.s.scheduling.concurrent.ThreadPoolTaskScheduler - Initializing ExecutorService
2021-10-19 14:33:53 [main] INFO  org.apache.kafka.clients.consumer.ConsumerConfig - ConsumerConfig values: 
	allow.auto.create.topics = true
	auto.commit.interval.ms = 100
	auto.offset.reset = earliest
	bootstrap.servers = [192.168.11.116:9092]
	check.crcs = true
	client.dns.lookup = default
	client.id = 
	client.rack = 
	connections.max.idle.ms = 540000
	default.api.timeout.ms = 60000
	enable.auto.commit = true
	exclude.internal.topics = true
	fetch.max.bytes = 52428800
	fetch.max.wait.ms = 500
	fetch.min.bytes = 1
	group.id = my_test_group1
	group.instance.id = null
	heartbeat.interval.ms = 3000
	interceptor.classes = []
	internal.leave.group.on.close = true
	isolation.level = read_uncommitted
	key.deserializer = class org.apache.kafka.common.serialization.StringDeserializer
	max.partition.fetch.bytes = 1048576
	max.poll.interval.ms = 300000
	max.poll.records = 500
	metadata.max.age.ms = 300000
	metric.reporters = []
	metrics.num.samples = 2
	metrics.recording.level = INFO
	metrics.sample.window.ms = 30000
	partition.assignment.strategy = [class org.apache.kafka.clients.consumer.RangeAssignor]
	receive.buffer.bytes = 65536
	reconnect.backoff.max.ms = 1000
	reconnect.backoff.ms = 50
	request.timeout.ms = 30000
	retry.backoff.ms = 100
	sasl.client.callback.handler.class = null
	sasl.jaas.config = null
	sasl.kerberos.kinit.cmd = /usr/bin/kinit
	sasl.kerberos.min.time.before.relogin = 60000
	sasl.kerberos.service.name = null
	sasl.kerberos.ticket.renew.jitter = 0.05
	sasl.kerberos.ticket.renew.window.factor = 0.8
	sasl.login.callback.handler.class = null
	sasl.login.class = null
	sasl.login.refresh.buffer.seconds = 300
	sasl.login.refresh.min.period.seconds = 60
	sasl.login.refresh.window.factor = 0.8
	sasl.login.refresh.window.jitter = 0.05
	sasl.mechanism = GSSAPI
	security.protocol = PLAINTEXT
	send.buffer.bytes = 131072
	session.timeout.ms = 10000
	ssl.cipher.suites = null
	ssl.enabled.protocols = [TLSv1.2, TLSv1.1, TLSv1]
	ssl.endpoint.identification.algorithm = https
	ssl.key.password = null
	ssl.keymanager.algorithm = SunX509
	ssl.keystore.location = null
	ssl.keystore.password = null
	ssl.keystore.type = JKS
	ssl.protocol = TLS
	ssl.provider = null
	ssl.secure.random.implementation = null
	ssl.trustmanager.algorithm = PKIX
	ssl.truststore.location = null
	ssl.truststore.password = null
	ssl.truststore.type = JKS
	value.deserializer = class org.apache.kafka.common.serialization.StringDeserializer

2021-10-19 14:33:53 [main] INFO  org.apache.kafka.common.utils.AppInfoParser - Kafka version: 2.3.1
2021-10-19 14:33:53 [main] INFO  org.apache.kafka.common.utils.AppInfoParser - Kafka commitId: 18a913733fb71c01
2021-10-19 14:33:53 [main] INFO  org.apache.kafka.common.utils.AppInfoParser - Kafka startTimeMs: 1634625233781
2021-10-19 14:33:53 [main] INFO  org.apache.kafka.clients.consumer.KafkaConsumer - [Consumer clientId=consumer-5, groupId=my_test_group1] Subscribed to topic(s): order_test
2021-10-19 14:33:53 [main] INFO  o.s.scheduling.concurrent.ThreadPoolTaskScheduler - Initializing ExecutorService
2021-10-19 14:33:53 [main] INFO  org.apache.coyote.http11.Http11NioProtocol - Starting ProtocolHandler ["http-nio-auto-1"]
2021-10-19 14:33:53 [main] INFO  o.s.boot.web.embedded.tomcat.TomcatWebServer - Tomcat started on port(s): 50314 (http) with context path '/girl'
2021-10-19 14:33:53 [main] INFO  com.example.admin.KafkaTest - Started KafkaTest in 11.803 seconds (JVM running for 15.906)
2021-10-19 14:33:53 [main] INFO  com.example.admin.commons.componet.PermApplication - controller request url:/auth
2021-10-19 14:33:53 [main] INFO  com.example.admin.commons.componet.PermApplication - controller request url:/demo
2021-10-19 14:33:53 [main] INFO  com.example.admin.commons.componet.PermApplication - controller request url:/perm
2021-10-19 14:33:53 [main] INFO  com.example.admin.commons.componet.PermApplication - auth:perm:edit,desc:编辑
2021-10-19 14:33:53 [main] INFO  com.example.admin.commons.componet.PermApplication - url:/perm
2021-10-19 14:33:53 [main] INFO  com.example.admin.commons.componet.PermApplication - auth:perm:list,desc:查询
2021-10-19 14:33:53 [main] INFO  com.example.admin.commons.componet.PermApplication - url:/perm
2021-10-19 14:33:54 [main] INFO  org.apache.kafka.clients.producer.ProducerConfig - ProducerConfig values: 
	acks = 1
	batch.size = 16384
	bootstrap.servers = [192.168.11.116:9092]
	buffer.memory = 33554432
	client.dns.lookup = default
	client.id = 
	compression.type = none
	connections.max.idle.ms = 540000
	delivery.timeout.ms = 120000
	enable.idempotence = false
	interceptor.classes = []
	key.serializer = class org.apache.kafka.common.serialization.StringSerializer
	linger.ms = 0
	max.block.ms = 60000
	max.in.flight.requests.per.connection = 5
	max.request.size = 1048576
	metadata.max.age.ms = 300000
	metric.reporters = []
	metrics.num.samples = 2
	metrics.recording.level = INFO
	metrics.sample.window.ms = 30000
	partitioner.class = class org.apache.kafka.clients.producer.internals.DefaultPartitioner
	receive.buffer.bytes = 32768
	reconnect.backoff.max.ms = 1000
	reconnect.backoff.ms = 50
	request.timeout.ms = 30000
	retries = 0
	retry.backoff.ms = 100
	sasl.client.callback.handler.class = null
	sasl.jaas.config = null
	sasl.kerberos.kinit.cmd = /usr/bin/kinit
	sasl.kerberos.min.time.before.relogin = 60000
	sasl.kerberos.service.name = null
	sasl.kerberos.ticket.renew.jitter = 0.05
	sasl.kerberos.ticket.renew.window.factor = 0.8
	sasl.login.callback.handler.class = null
	sasl.login.class = null
	sasl.login.refresh.buffer.seconds = 300
	sasl.login.refresh.min.period.seconds = 60
	sasl.login.refresh.window.factor = 0.8
	sasl.login.refresh.window.jitter = 0.05
	sasl.mechanism = GSSAPI
	security.protocol = PLAINTEXT
	send.buffer.bytes = 131072
	ssl.cipher.suites = null
	ssl.enabled.protocols = [TLSv1.2, TLSv1.1, TLSv1]
	ssl.endpoint.identification.algorithm = https
	ssl.key.password = null
	ssl.keymanager.algorithm = SunX509
	ssl.keystore.location = null
	ssl.keystore.password = null
	ssl.keystore.type = JKS
	ssl.protocol = TLS
	ssl.provider = null
	ssl.secure.random.implementation = null
	ssl.trustmanager.algorithm = PKIX
	ssl.truststore.location = null
	ssl.truststore.password = null
	ssl.truststore.type = JKS
	transaction.timeout.ms = 60000
	transactional.id = null
	value.serializer = class org.apache.kafka.common.serialization.StringSerializer

2021-10-19 14:33:54 [main] INFO  org.apache.kafka.common.utils.AppInfoParser - Kafka version: 2.3.1
2021-10-19 14:33:54 [main] INFO  org.apache.kafka.common.utils.AppInfoParser - Kafka commitId: 18a913733fb71c01
2021-10-19 14:33:54 [main] INFO  org.apache.kafka.common.utils.AppInfoParser - Kafka startTimeMs: 1634625234822
2021-10-19 14:34:38 [org.springframework.kafka.KafkaListenerEndpointContainer#0-0-C-1] INFO  org.apache.kafka.clients.consumer.KafkaConsumer - [Consumer clientId=consumer-1, groupId=my_test_group1] Unsubscribed all topics or patterns and assigned partitions
2021-10-19 14:34:38 [org.springframework.kafka.KafkaListenerEndpointContainer#0-0-C-1] INFO  o.s.scheduling.concurrent.ThreadPoolTaskScheduler - Shutting down ExecutorService
2021-10-19 14:34:38 [org.springframework.kafka.KafkaListenerEndpointContainer#0-1-C-1] INFO  org.apache.kafka.clients.consumer.KafkaConsumer - [Consumer clientId=consumer-2, groupId=my_test_group1] Unsubscribed all topics or patterns and assigned partitions
2021-10-19 14:34:38 [org.springframework.kafka.KafkaListenerEndpointContainer#0-1-C-1] INFO  o.s.scheduling.concurrent.ThreadPoolTaskScheduler - Shutting down ExecutorService
2021-10-19 14:34:38 [org.springframework.kafka.KafkaListenerEndpointContainer#0-4-C-1] INFO  org.apache.kafka.clients.consumer.KafkaConsumer - [Consumer clientId=consumer-5, groupId=my_test_group1] Unsubscribed all topics or patterns and assigned partitions
2021-10-19 14:34:38 [org.springframework.kafka.KafkaListenerEndpointContainer#0-4-C-1] INFO  o.s.scheduling.concurrent.ThreadPoolTaskScheduler - Shutting down ExecutorService
2021-10-19 14:34:38 [org.springframework.kafka.KafkaListenerEndpointContainer#0-2-C-1] INFO  org.apache.kafka.clients.consumer.KafkaConsumer - [Consumer clientId=consumer-3, groupId=my_test_group1] Unsubscribed all topics or patterns and assigned partitions
2021-10-19 14:34:38 [org.springframework.kafka.KafkaListenerEndpointContainer#0-2-C-1] INFO  o.s.scheduling.concurrent.ThreadPoolTaskScheduler - Shutting down ExecutorService
2021-10-19 14:34:38 [org.springframework.kafka.KafkaListenerEndpointContainer#0-3-C-1] INFO  org.apache.kafka.clients.consumer.KafkaConsumer - [Consumer clientId=consumer-4, groupId=my_test_group1] Unsubscribed all topics or patterns and assigned partitions
2021-10-19 14:34:38 [org.springframework.kafka.KafkaListenerEndpointContainer#0-3-C-1] INFO  o.s.scheduling.concurrent.ThreadPoolTaskScheduler - Shutting down ExecutorService
2021-10-19 14:34:38 [org.springframework.kafka.KafkaListenerEndpointContainer#0-1-C-1] INFO  o.s.k.l.KafkaMessageListenerContainer$ListenerConsumer - my_test_group1: Consumer stopped
2021-10-19 14:34:38 [org.springframework.kafka.KafkaListenerEndpointContainer#0-2-C-1] INFO  o.s.k.l.KafkaMessageListenerContainer$ListenerConsumer - my_test_group1: Consumer stopped
2021-10-19 14:34:38 [org.springframework.kafka.KafkaListenerEndpointContainer#0-4-C-1] INFO  o.s.k.l.KafkaMessageListenerContainer$ListenerConsumer - my_test_group1: Consumer stopped
2021-10-19 14:34:38 [org.springframework.kafka.KafkaListenerEndpointContainer#0-0-C-1] INFO  o.s.k.l.KafkaMessageListenerContainer$ListenerConsumer - my_test_group1: Consumer stopped
2021-10-19 14:34:38 [org.springframework.kafka.KafkaListenerEndpointContainer#0-3-C-1] INFO  o.s.k.l.KafkaMessageListenerContainer$ListenerConsumer - my_test_group1: Consumer stopped
2021-10-19 14:34:38 [SpringContextShutdownHook] INFO  org.apache.kafka.clients.producer.KafkaProducer - [Producer clientId=producer-1] Closing the Kafka producer with timeoutMillis = 30000 ms.
2021-10-19 14:34:38 [main] ERROR c.e.admin.commons.componet.provider.OrderProvider - send kafka error:Producer closed while send in progress
2021-10-19 14:34:38 [main] INFO  org.apache.kafka.clients.producer.ProducerConfig - ProducerConfig values: 
	acks = 1
	batch.size = 16384
	bootstrap.servers = [192.168.11.116:9092]
	buffer.memory = 33554432
	client.dns.lookup = default
	client.id = 
	compression.type = none
	connections.max.idle.ms = 540000
	delivery.timeout.ms = 120000
	enable.idempotence = false
	interceptor.classes = []
	key.serializer = class org.apache.kafka.common.serialization.StringSerializer
	linger.ms = 0
	max.block.ms = 60000
	max.in.flight.requests.per.connection = 5
	max.request.size = 1048576
	metadata.max.age.ms = 300000
	metric.reporters = []
	metrics.num.samples = 2
	metrics.recording.level = INFO
	metrics.sample.window.ms = 30000
	partitioner.class = class org.apache.kafka.clients.producer.internals.DefaultPartitioner
	receive.buffer.bytes = 32768
	reconnect.backoff.max.ms = 1000
	reconnect.backoff.ms = 50
	request.timeout.ms = 30000
	retries = 0
	retry.backoff.ms = 100
	sasl.client.callback.handler.class = null
	sasl.jaas.config = null
	sasl.kerberos.kinit.cmd = /usr/bin/kinit
	sasl.kerberos.min.time.before.relogin = 60000
	sasl.kerberos.service.name = null
	sasl.kerberos.ticket.renew.jitter = 0.05
	sasl.kerberos.ticket.renew.window.factor = 0.8
	sasl.login.callback.handler.class = null
	sasl.login.class = null
	sasl.login.refresh.buffer.seconds = 300
	sasl.login.refresh.min.period.seconds = 60
	sasl.login.refresh.window.factor = 0.8
	sasl.login.refresh.window.jitter = 0.05
	sasl.mechanism = GSSAPI
	security.protocol = PLAINTEXT
	send.buffer.bytes = 131072
	ssl.cipher.suites = null
	ssl.enabled.protocols = [TLSv1.2, TLSv1.1, TLSv1]
	ssl.endpoint.identification.algorithm = https
	ssl.key.password = null
	ssl.keymanager.algorithm = SunX509
	ssl.keystore.location = null
	ssl.keystore.password = null
	ssl.keystore.type = JKS
	ssl.protocol = TLS
	ssl.provider = null
	ssl.secure.random.implementation = null
	ssl.trustmanager.algorithm = PKIX
	ssl.truststore.location = null
	ssl.truststore.password = null
	ssl.truststore.type = JKS
	transaction.timeout.ms = 60000
	transactional.id = null
	value.serializer = class org.apache.kafka.common.serialization.StringSerializer

2021-10-19 14:34:38 [main] INFO  org.apache.kafka.common.utils.AppInfoParser - Kafka version: 2.3.1
2021-10-19 14:34:38 [main] INFO  org.apache.kafka.common.utils.AppInfoParser - Kafka commitId: 18a913733fb71c01
2021-10-19 14:34:38 [main] INFO  org.apache.kafka.common.utils.AppInfoParser - Kafka startTimeMs: 1634625278557
2021-10-19 14:35:38 [background-preinit] INFO  org.hibernate.validator.internal.util.Version - HV000001: Hibernate Validator 6.0.21.Final
2021-10-19 14:35:38 [main] INFO  com.example.admin.KafkaTest - Starting KafkaTest on AmydeMacBook-Pro.local with PID 2869 (started by amy in /Users/amy/lucky/demo2/demo/admin)
2021-10-19 14:35:38 [main] INFO  com.example.admin.KafkaTest - The following profiles are active: offline
2021-10-19 14:35:39 [main] INFO  o.s.d.r.config.RepositoryConfigurationDelegate - Multiple Spring Data modules found, entering strict repository configuration mode!
2021-10-19 14:35:39 [main] INFO  o.s.d.r.config.RepositoryConfigurationDelegate - Bootstrapping Spring Data Redis repositories in DEFAULT mode.
2021-10-19 14:35:39 [main] INFO  o.s.d.r.config.RepositoryConfigurationDelegate - Finished Spring Data repository scanning in 43ms. Found 0 Redis repository interfaces.
2021-10-19 14:35:40 [main] INFO  o.s.c.s.PostProcessorRegistrationDelegate$BeanPostProcessorChecker - Bean 'aopAccessLoggerSupportAutoConfiguration' of type [com.example.admin.commons.config.AopAccessLoggerSupportAutoConfiguration$$EnhancerBySpringCGLIB$$3f6becd6] is not eligible for getting processed by all BeanPostProcessors (for example: not eligible for auto-proxying)
2021-10-19 14:35:40 [main] INFO  o.s.c.s.PostProcessorRegistrationDelegate$BeanPostProcessorChecker - Bean 'aopAccessLoggerSupport' of type [com.example.admin.commons.aop.AopAccessLoggerSupport] is not eligible for getting processed by all BeanPostProcessors (for example: not eligible for auto-proxying)
2021-10-19 14:35:41 [main] INFO  o.s.boot.web.embedded.tomcat.TomcatWebServer - Tomcat initialized with port(s): 0 (http)
2021-10-19 14:35:41 [main] INFO  org.apache.coyote.http11.Http11NioProtocol - Initializing ProtocolHandler ["http-nio-auto-1"]
2021-10-19 14:35:41 [main] INFO  org.apache.catalina.core.StandardService - Starting service [Tomcat]
2021-10-19 14:35:41 [main] INFO  org.apache.catalina.core.StandardEngine - Starting Servlet engine: [Apache Tomcat/9.0.39]
2021-10-19 14:35:41 [main] INFO  o.a.c.c.ContainerBase.[Tomcat].[localhost].[/girl] - Initializing Spring embedded WebApplicationContext
2021-10-19 14:35:41 [main] INFO  o.s.b.w.s.c.ServletWebServerApplicationContext - Root WebApplicationContext: initialization completed in 2624 ms
2021-10-19 14:35:42 [main] INFO  c.e.admin.commons.config.LoggerTaskExecutorConfig - loggerTaskExecutor.coreSize:16
2021-10-19 14:35:43 [main] INFO  io.searchbox.client.AbstractJestClient - Setting server pool to a list of 1 servers: [http://172.16.0.63:29200]
2021-10-19 14:35:43 [main] INFO  io.searchbox.client.JestClientFactory - Using multi thread/connection supporting pooling connection manager
2021-10-19 14:35:44 [main] INFO  io.searchbox.client.JestClientFactory - Using custom GSON instance
2021-10-19 14:35:44 [main] INFO  io.searchbox.client.JestClientFactory - Node Discovery disabled...
2021-10-19 14:35:44 [main] INFO  io.searchbox.client.JestClientFactory - Idle connection reaping disabled...
2021-10-19 14:35:44 [main] INFO  org.apache.kafka.clients.consumer.ConsumerConfig - ConsumerConfig values: 
	allow.auto.create.topics = true
	auto.commit.interval.ms = 100
	auto.offset.reset = earliest
	bootstrap.servers = [192.168.11.116:9092]
	check.crcs = true
	client.dns.lookup = default
	client.id = 
	client.rack = 
	connections.max.idle.ms = 540000
	default.api.timeout.ms = 60000
	enable.auto.commit = true
	exclude.internal.topics = true
	fetch.max.bytes = 52428800
	fetch.max.wait.ms = 500
	fetch.min.bytes = 1
	group.id = my_test_group1
	group.instance.id = null
	heartbeat.interval.ms = 3000
	interceptor.classes = []
	internal.leave.group.on.close = true
	isolation.level = read_uncommitted
	key.deserializer = class org.apache.kafka.common.serialization.StringDeserializer
	max.partition.fetch.bytes = 1048576
	max.poll.interval.ms = 300000
	max.poll.records = 500
	metadata.max.age.ms = 300000
	metric.reporters = []
	metrics.num.samples = 2
	metrics.recording.level = INFO
	metrics.sample.window.ms = 30000
	partition.assignment.strategy = [class org.apache.kafka.clients.consumer.RangeAssignor]
	receive.buffer.bytes = 65536
	reconnect.backoff.max.ms = 1000
	reconnect.backoff.ms = 50
	request.timeout.ms = 30000
	retry.backoff.ms = 100
	sasl.client.callback.handler.class = null
	sasl.jaas.config = null
	sasl.kerberos.kinit.cmd = /usr/bin/kinit
	sasl.kerberos.min.time.before.relogin = 60000
	sasl.kerberos.service.name = null
	sasl.kerberos.ticket.renew.jitter = 0.05
	sasl.kerberos.ticket.renew.window.factor = 0.8
	sasl.login.callback.handler.class = null
	sasl.login.class = null
	sasl.login.refresh.buffer.seconds = 300
	sasl.login.refresh.min.period.seconds = 60
	sasl.login.refresh.window.factor = 0.8
	sasl.login.refresh.window.jitter = 0.05
	sasl.mechanism = GSSAPI
	security.protocol = PLAINTEXT
	send.buffer.bytes = 131072
	session.timeout.ms = 10000
	ssl.cipher.suites = null
	ssl.enabled.protocols = [TLSv1.2, TLSv1.1, TLSv1]
	ssl.endpoint.identification.algorithm = https
	ssl.key.password = null
	ssl.keymanager.algorithm = SunX509
	ssl.keystore.location = null
	ssl.keystore.password = null
	ssl.keystore.type = JKS
	ssl.protocol = TLS
	ssl.provider = null
	ssl.secure.random.implementation = null
	ssl.trustmanager.algorithm = PKIX
	ssl.truststore.location = null
	ssl.truststore.password = null
	ssl.truststore.type = JKS
	value.deserializer = class org.apache.kafka.common.serialization.StringDeserializer

2021-10-19 14:35:44 [main] INFO  org.apache.kafka.common.utils.AppInfoParser - Kafka version: 2.3.1
2021-10-19 14:35:44 [main] INFO  org.apache.kafka.common.utils.AppInfoParser - Kafka commitId: 18a913733fb71c01
2021-10-19 14:35:44 [main] INFO  org.apache.kafka.common.utils.AppInfoParser - Kafka startTimeMs: 1634625344455
2021-10-19 14:35:44 [main] INFO  org.apache.kafka.clients.consumer.KafkaConsumer - [Consumer clientId=consumer-1, groupId=my_test_group1] Subscribed to topic(s): order_test
2021-10-19 14:35:44 [main] INFO  o.s.scheduling.concurrent.ThreadPoolTaskScheduler - Initializing ExecutorService
2021-10-19 14:35:44 [main] INFO  org.apache.kafka.clients.consumer.ConsumerConfig - ConsumerConfig values: 
	allow.auto.create.topics = true
	auto.commit.interval.ms = 100
	auto.offset.reset = earliest
	bootstrap.servers = [192.168.11.116:9092]
	check.crcs = true
	client.dns.lookup = default
	client.id = 
	client.rack = 
	connections.max.idle.ms = 540000
	default.api.timeout.ms = 60000
	enable.auto.commit = true
	exclude.internal.topics = true
	fetch.max.bytes = 52428800
	fetch.max.wait.ms = 500
	fetch.min.bytes = 1
	group.id = my_test_group1
	group.instance.id = null
	heartbeat.interval.ms = 3000
	interceptor.classes = []
	internal.leave.group.on.close = true
	isolation.level = read_uncommitted
	key.deserializer = class org.apache.kafka.common.serialization.StringDeserializer
	max.partition.fetch.bytes = 1048576
	max.poll.interval.ms = 300000
	max.poll.records = 500
	metadata.max.age.ms = 300000
	metric.reporters = []
	metrics.num.samples = 2
	metrics.recording.level = INFO
	metrics.sample.window.ms = 30000
	partition.assignment.strategy = [class org.apache.kafka.clients.consumer.RangeAssignor]
	receive.buffer.bytes = 65536
	reconnect.backoff.max.ms = 1000
	reconnect.backoff.ms = 50
	request.timeout.ms = 30000
	retry.backoff.ms = 100
	sasl.client.callback.handler.class = null
	sasl.jaas.config = null
	sasl.kerberos.kinit.cmd = /usr/bin/kinit
	sasl.kerberos.min.time.before.relogin = 60000
	sasl.kerberos.service.name = null
	sasl.kerberos.ticket.renew.jitter = 0.05
	sasl.kerberos.ticket.renew.window.factor = 0.8
	sasl.login.callback.handler.class = null
	sasl.login.class = null
	sasl.login.refresh.buffer.seconds = 300
	sasl.login.refresh.min.period.seconds = 60
	sasl.login.refresh.window.factor = 0.8
	sasl.login.refresh.window.jitter = 0.05
	sasl.mechanism = GSSAPI
	security.protocol = PLAINTEXT
	send.buffer.bytes = 131072
	session.timeout.ms = 10000
	ssl.cipher.suites = null
	ssl.enabled.protocols = [TLSv1.2, TLSv1.1, TLSv1]
	ssl.endpoint.identification.algorithm = https
	ssl.key.password = null
	ssl.keymanager.algorithm = SunX509
	ssl.keystore.location = null
	ssl.keystore.password = null
	ssl.keystore.type = JKS
	ssl.protocol = TLS
	ssl.provider = null
	ssl.secure.random.implementation = null
	ssl.trustmanager.algorithm = PKIX
	ssl.truststore.location = null
	ssl.truststore.password = null
	ssl.truststore.type = JKS
	value.deserializer = class org.apache.kafka.common.serialization.StringDeserializer

2021-10-19 14:35:44 [main] INFO  org.apache.kafka.common.utils.AppInfoParser - Kafka version: 2.3.1
2021-10-19 14:35:44 [main] INFO  org.apache.kafka.common.utils.AppInfoParser - Kafka commitId: 18a913733fb71c01
2021-10-19 14:35:44 [main] INFO  org.apache.kafka.common.utils.AppInfoParser - Kafka startTimeMs: 1634625344480
2021-10-19 14:35:44 [main] INFO  org.apache.kafka.clients.consumer.KafkaConsumer - [Consumer clientId=consumer-2, groupId=my_test_group1] Subscribed to topic(s): order_test
2021-10-19 14:35:44 [main] INFO  o.s.scheduling.concurrent.ThreadPoolTaskScheduler - Initializing ExecutorService
2021-10-19 14:35:44 [main] INFO  org.apache.kafka.clients.consumer.ConsumerConfig - ConsumerConfig values: 
	allow.auto.create.topics = true
	auto.commit.interval.ms = 100
	auto.offset.reset = earliest
	bootstrap.servers = [192.168.11.116:9092]
	check.crcs = true
	client.dns.lookup = default
	client.id = 
	client.rack = 
	connections.max.idle.ms = 540000
	default.api.timeout.ms = 60000
	enable.auto.commit = true
	exclude.internal.topics = true
	fetch.max.bytes = 52428800
	fetch.max.wait.ms = 500
	fetch.min.bytes = 1
	group.id = my_test_group1
	group.instance.id = null
	heartbeat.interval.ms = 3000
	interceptor.classes = []
	internal.leave.group.on.close = true
	isolation.level = read_uncommitted
	key.deserializer = class org.apache.kafka.common.serialization.StringDeserializer
	max.partition.fetch.bytes = 1048576
	max.poll.interval.ms = 300000
	max.poll.records = 500
	metadata.max.age.ms = 300000
	metric.reporters = []
	metrics.num.samples = 2
	metrics.recording.level = INFO
	metrics.sample.window.ms = 30000
	partition.assignment.strategy = [class org.apache.kafka.clients.consumer.RangeAssignor]
	receive.buffer.bytes = 65536
	reconnect.backoff.max.ms = 1000
	reconnect.backoff.ms = 50
	request.timeout.ms = 30000
	retry.backoff.ms = 100
	sasl.client.callback.handler.class = null
	sasl.jaas.config = null
	sasl.kerberos.kinit.cmd = /usr/bin/kinit
	sasl.kerberos.min.time.before.relogin = 60000
	sasl.kerberos.service.name = null
	sasl.kerberos.ticket.renew.jitter = 0.05
	sasl.kerberos.ticket.renew.window.factor = 0.8
	sasl.login.callback.handler.class = null
	sasl.login.class = null
	sasl.login.refresh.buffer.seconds = 300
	sasl.login.refresh.min.period.seconds = 60
	sasl.login.refresh.window.factor = 0.8
	sasl.login.refresh.window.jitter = 0.05
	sasl.mechanism = GSSAPI
	security.protocol = PLAINTEXT
	send.buffer.bytes = 131072
	session.timeout.ms = 10000
	ssl.cipher.suites = null
	ssl.enabled.protocols = [TLSv1.2, TLSv1.1, TLSv1]
	ssl.endpoint.identification.algorithm = https
	ssl.key.password = null
	ssl.keymanager.algorithm = SunX509
	ssl.keystore.location = null
	ssl.keystore.password = null
	ssl.keystore.type = JKS
	ssl.protocol = TLS
	ssl.provider = null
	ssl.secure.random.implementation = null
	ssl.trustmanager.algorithm = PKIX
	ssl.truststore.location = null
	ssl.truststore.password = null
	ssl.truststore.type = JKS
	value.deserializer = class org.apache.kafka.common.serialization.StringDeserializer

2021-10-19 14:35:44 [main] INFO  org.apache.kafka.common.utils.AppInfoParser - Kafka version: 2.3.1
2021-10-19 14:35:44 [main] INFO  org.apache.kafka.common.utils.AppInfoParser - Kafka commitId: 18a913733fb71c01
2021-10-19 14:35:44 [main] INFO  org.apache.kafka.common.utils.AppInfoParser - Kafka startTimeMs: 1634625344492
2021-10-19 14:35:44 [main] INFO  org.apache.kafka.clients.consumer.KafkaConsumer - [Consumer clientId=consumer-3, groupId=my_test_group1] Subscribed to topic(s): order_test
2021-10-19 14:35:44 [main] INFO  o.s.scheduling.concurrent.ThreadPoolTaskScheduler - Initializing ExecutorService
2021-10-19 14:35:44 [main] INFO  org.apache.kafka.clients.consumer.ConsumerConfig - ConsumerConfig values: 
	allow.auto.create.topics = true
	auto.commit.interval.ms = 100
	auto.offset.reset = earliest
	bootstrap.servers = [192.168.11.116:9092]
	check.crcs = true
	client.dns.lookup = default
	client.id = 
	client.rack = 
	connections.max.idle.ms = 540000
	default.api.timeout.ms = 60000
	enable.auto.commit = true
	exclude.internal.topics = true
	fetch.max.bytes = 52428800
	fetch.max.wait.ms = 500
	fetch.min.bytes = 1
	group.id = my_test_group1
	group.instance.id = null
	heartbeat.interval.ms = 3000
	interceptor.classes = []
	internal.leave.group.on.close = true
	isolation.level = read_uncommitted
	key.deserializer = class org.apache.kafka.common.serialization.StringDeserializer
	max.partition.fetch.bytes = 1048576
	max.poll.interval.ms = 300000
	max.poll.records = 500
	metadata.max.age.ms = 300000
	metric.reporters = []
	metrics.num.samples = 2
	metrics.recording.level = INFO
	metrics.sample.window.ms = 30000
	partition.assignment.strategy = [class org.apache.kafka.clients.consumer.RangeAssignor]
	receive.buffer.bytes = 65536
	reconnect.backoff.max.ms = 1000
	reconnect.backoff.ms = 50
	request.timeout.ms = 30000
	retry.backoff.ms = 100
	sasl.client.callback.handler.class = null
	sasl.jaas.config = null
	sasl.kerberos.kinit.cmd = /usr/bin/kinit
	sasl.kerberos.min.time.before.relogin = 60000
	sasl.kerberos.service.name = null
	sasl.kerberos.ticket.renew.jitter = 0.05
	sasl.kerberos.ticket.renew.window.factor = 0.8
	sasl.login.callback.handler.class = null
	sasl.login.class = null
	sasl.login.refresh.buffer.seconds = 300
	sasl.login.refresh.min.period.seconds = 60
	sasl.login.refresh.window.factor = 0.8
	sasl.login.refresh.window.jitter = 0.05
	sasl.mechanism = GSSAPI
	security.protocol = PLAINTEXT
	send.buffer.bytes = 131072
	session.timeout.ms = 10000
	ssl.cipher.suites = null
	ssl.enabled.protocols = [TLSv1.2, TLSv1.1, TLSv1]
	ssl.endpoint.identification.algorithm = https
	ssl.key.password = null
	ssl.keymanager.algorithm = SunX509
	ssl.keystore.location = null
	ssl.keystore.password = null
	ssl.keystore.type = JKS
	ssl.protocol = TLS
	ssl.provider = null
	ssl.secure.random.implementation = null
	ssl.trustmanager.algorithm = PKIX
	ssl.truststore.location = null
	ssl.truststore.password = null
	ssl.truststore.type = JKS
	value.deserializer = class org.apache.kafka.common.serialization.StringDeserializer

2021-10-19 14:35:44 [main] INFO  org.apache.kafka.common.utils.AppInfoParser - Kafka version: 2.3.1
2021-10-19 14:35:44 [main] INFO  org.apache.kafka.common.utils.AppInfoParser - Kafka commitId: 18a913733fb71c01
2021-10-19 14:35:44 [main] INFO  org.apache.kafka.common.utils.AppInfoParser - Kafka startTimeMs: 1634625344505
2021-10-19 14:35:44 [main] INFO  org.apache.kafka.clients.consumer.KafkaConsumer - [Consumer clientId=consumer-4, groupId=my_test_group1] Subscribed to topic(s): order_test
2021-10-19 14:35:44 [main] INFO  o.s.scheduling.concurrent.ThreadPoolTaskScheduler - Initializing ExecutorService
2021-10-19 14:35:44 [main] INFO  org.apache.kafka.clients.consumer.ConsumerConfig - ConsumerConfig values: 
	allow.auto.create.topics = true
	auto.commit.interval.ms = 100
	auto.offset.reset = earliest
	bootstrap.servers = [192.168.11.116:9092]
	check.crcs = true
	client.dns.lookup = default
	client.id = 
	client.rack = 
	connections.max.idle.ms = 540000
	default.api.timeout.ms = 60000
	enable.auto.commit = true
	exclude.internal.topics = true
	fetch.max.bytes = 52428800
	fetch.max.wait.ms = 500
	fetch.min.bytes = 1
	group.id = my_test_group1
	group.instance.id = null
	heartbeat.interval.ms = 3000
	interceptor.classes = []
	internal.leave.group.on.close = true
	isolation.level = read_uncommitted
	key.deserializer = class org.apache.kafka.common.serialization.StringDeserializer
	max.partition.fetch.bytes = 1048576
	max.poll.interval.ms = 300000
	max.poll.records = 500
	metadata.max.age.ms = 300000
	metric.reporters = []
	metrics.num.samples = 2
	metrics.recording.level = INFO
	metrics.sample.window.ms = 30000
	partition.assignment.strategy = [class org.apache.kafka.clients.consumer.RangeAssignor]
	receive.buffer.bytes = 65536
	reconnect.backoff.max.ms = 1000
	reconnect.backoff.ms = 50
	request.timeout.ms = 30000
	retry.backoff.ms = 100
	sasl.client.callback.handler.class = null
	sasl.jaas.config = null
	sasl.kerberos.kinit.cmd = /usr/bin/kinit
	sasl.kerberos.min.time.before.relogin = 60000
	sasl.kerberos.service.name = null
	sasl.kerberos.ticket.renew.jitter = 0.05
	sasl.kerberos.ticket.renew.window.factor = 0.8
	sasl.login.callback.handler.class = null
	sasl.login.class = null
	sasl.login.refresh.buffer.seconds = 300
	sasl.login.refresh.min.period.seconds = 60
	sasl.login.refresh.window.factor = 0.8
	sasl.login.refresh.window.jitter = 0.05
	sasl.mechanism = GSSAPI
	security.protocol = PLAINTEXT
	send.buffer.bytes = 131072
	session.timeout.ms = 10000
	ssl.cipher.suites = null
	ssl.enabled.protocols = [TLSv1.2, TLSv1.1, TLSv1]
	ssl.endpoint.identification.algorithm = https
	ssl.key.password = null
	ssl.keymanager.algorithm = SunX509
	ssl.keystore.location = null
	ssl.keystore.password = null
	ssl.keystore.type = JKS
	ssl.protocol = TLS
	ssl.provider = null
	ssl.secure.random.implementation = null
	ssl.trustmanager.algorithm = PKIX
	ssl.truststore.location = null
	ssl.truststore.password = null
	ssl.truststore.type = JKS
	value.deserializer = class org.apache.kafka.common.serialization.StringDeserializer

2021-10-19 14:35:44 [main] INFO  org.apache.kafka.common.utils.AppInfoParser - Kafka version: 2.3.1
2021-10-19 14:35:44 [main] INFO  org.apache.kafka.common.utils.AppInfoParser - Kafka commitId: 18a913733fb71c01
2021-10-19 14:35:44 [main] INFO  org.apache.kafka.common.utils.AppInfoParser - Kafka startTimeMs: 1634625344514
2021-10-19 14:35:44 [main] INFO  org.apache.kafka.clients.consumer.KafkaConsumer - [Consumer clientId=consumer-5, groupId=my_test_group1] Subscribed to topic(s): order_test
2021-10-19 14:35:44 [main] INFO  o.s.scheduling.concurrent.ThreadPoolTaskScheduler - Initializing ExecutorService
2021-10-19 14:35:44 [main] INFO  org.apache.coyote.http11.Http11NioProtocol - Starting ProtocolHandler ["http-nio-auto-1"]
2021-10-19 14:35:44 [main] INFO  o.s.boot.web.embedded.tomcat.TomcatWebServer - Tomcat started on port(s): 50412 (http) with context path '/girl'
2021-10-19 14:35:44 [main] INFO  com.example.admin.KafkaTest - Started KafkaTest in 6.868 seconds (JVM running for 9.032)
2021-10-19 14:35:44 [main] INFO  com.example.admin.commons.componet.PermApplication - controller request url:/auth
2021-10-19 14:35:44 [main] INFO  com.example.admin.commons.componet.PermApplication - controller request url:/demo
2021-10-19 14:35:44 [main] INFO  com.example.admin.commons.componet.PermApplication - controller request url:/perm
2021-10-19 14:35:44 [main] INFO  com.example.admin.commons.componet.PermApplication - auth:perm:edit,desc:编辑
2021-10-19 14:35:44 [main] INFO  com.example.admin.commons.componet.PermApplication - url:/perm
2021-10-19 14:35:44 [main] INFO  com.example.admin.commons.componet.PermApplication - auth:perm:list,desc:查询
2021-10-19 14:35:44 [main] INFO  com.example.admin.commons.componet.PermApplication - url:/perm
2021-10-19 14:35:45 [main] INFO  org.apache.kafka.clients.producer.ProducerConfig - ProducerConfig values: 
	acks = 1
	batch.size = 16384
	bootstrap.servers = [192.168.11.116:9092]
	buffer.memory = 33554432
	client.dns.lookup = default
	client.id = 
	compression.type = none
	connections.max.idle.ms = 540000
	delivery.timeout.ms = 120000
	enable.idempotence = false
	interceptor.classes = []
	key.serializer = class org.apache.kafka.common.serialization.StringSerializer
	linger.ms = 0
	max.block.ms = 60000
	max.in.flight.requests.per.connection = 5
	max.request.size = 1048576
	metadata.max.age.ms = 300000
	metric.reporters = []
	metrics.num.samples = 2
	metrics.recording.level = INFO
	metrics.sample.window.ms = 30000
	partitioner.class = class org.apache.kafka.clients.producer.internals.DefaultPartitioner
	receive.buffer.bytes = 32768
	reconnect.backoff.max.ms = 1000
	reconnect.backoff.ms = 50
	request.timeout.ms = 30000
	retries = 0
	retry.backoff.ms = 100
	sasl.client.callback.handler.class = null
	sasl.jaas.config = null
	sasl.kerberos.kinit.cmd = /usr/bin/kinit
	sasl.kerberos.min.time.before.relogin = 60000
	sasl.kerberos.service.name = null
	sasl.kerberos.ticket.renew.jitter = 0.05
	sasl.kerberos.ticket.renew.window.factor = 0.8
	sasl.login.callback.handler.class = null
	sasl.login.class = null
	sasl.login.refresh.buffer.seconds = 300
	sasl.login.refresh.min.period.seconds = 60
	sasl.login.refresh.window.factor = 0.8
	sasl.login.refresh.window.jitter = 0.05
	sasl.mechanism = GSSAPI
	security.protocol = PLAINTEXT
	send.buffer.bytes = 131072
	ssl.cipher.suites = null
	ssl.enabled.protocols = [TLSv1.2, TLSv1.1, TLSv1]
	ssl.endpoint.identification.algorithm = https
	ssl.key.password = null
	ssl.keymanager.algorithm = SunX509
	ssl.keystore.location = null
	ssl.keystore.password = null
	ssl.keystore.type = JKS
	ssl.protocol = TLS
	ssl.provider = null
	ssl.secure.random.implementation = null
	ssl.trustmanager.algorithm = PKIX
	ssl.truststore.location = null
	ssl.truststore.password = null
	ssl.truststore.type = JKS
	transaction.timeout.ms = 60000
	transactional.id = null
	value.serializer = class org.apache.kafka.common.serialization.StringSerializer

2021-10-19 14:35:45 [main] INFO  org.apache.kafka.common.utils.AppInfoParser - Kafka version: 2.3.1
2021-10-19 14:35:45 [main] INFO  org.apache.kafka.common.utils.AppInfoParser - Kafka commitId: 18a913733fb71c01
2021-10-19 14:35:45 [main] INFO  org.apache.kafka.common.utils.AppInfoParser - Kafka startTimeMs: 1634625345102
2021-10-19 14:35:56 [org.springframework.kafka.KafkaListenerEndpointContainer#0-2-C-1] INFO  org.apache.kafka.clients.consumer.KafkaConsumer - [Consumer clientId=consumer-3, groupId=my_test_group1] Unsubscribed all topics or patterns and assigned partitions
2021-10-19 14:35:56 [org.springframework.kafka.KafkaListenerEndpointContainer#0-4-C-1] INFO  org.apache.kafka.clients.consumer.KafkaConsumer - [Consumer clientId=consumer-5, groupId=my_test_group1] Unsubscribed all topics or patterns and assigned partitions
2021-10-19 14:35:56 [org.springframework.kafka.KafkaListenerEndpointContainer#0-3-C-1] INFO  org.apache.kafka.clients.consumer.KafkaConsumer - [Consumer clientId=consumer-4, groupId=my_test_group1] Unsubscribed all topics or patterns and assigned partitions
2021-10-19 14:35:56 [org.springframework.kafka.KafkaListenerEndpointContainer#0-1-C-1] INFO  org.apache.kafka.clients.consumer.KafkaConsumer - [Consumer clientId=consumer-2, groupId=my_test_group1] Unsubscribed all topics or patterns and assigned partitions
2021-10-19 14:35:56 [org.springframework.kafka.KafkaListenerEndpointContainer#0-0-C-1] INFO  org.apache.kafka.clients.consumer.KafkaConsumer - [Consumer clientId=consumer-1, groupId=my_test_group1] Unsubscribed all topics or patterns and assigned partitions
2021-10-19 14:35:56 [org.springframework.kafka.KafkaListenerEndpointContainer#0-3-C-1] INFO  o.s.scheduling.concurrent.ThreadPoolTaskScheduler - Shutting down ExecutorService
2021-10-19 14:35:56 [org.springframework.kafka.KafkaListenerEndpointContainer#0-4-C-1] INFO  o.s.scheduling.concurrent.ThreadPoolTaskScheduler - Shutting down ExecutorService
2021-10-19 14:35:56 [org.springframework.kafka.KafkaListenerEndpointContainer#0-1-C-1] INFO  o.s.scheduling.concurrent.ThreadPoolTaskScheduler - Shutting down ExecutorService
2021-10-19 14:35:56 [org.springframework.kafka.KafkaListenerEndpointContainer#0-2-C-1] INFO  o.s.scheduling.concurrent.ThreadPoolTaskScheduler - Shutting down ExecutorService
2021-10-19 14:35:56 [org.springframework.kafka.KafkaListenerEndpointContainer#0-0-C-1] INFO  o.s.scheduling.concurrent.ThreadPoolTaskScheduler - Shutting down ExecutorService
2021-10-19 14:35:56 [org.springframework.kafka.KafkaListenerEndpointContainer#0-4-C-1] INFO  o.s.k.l.KafkaMessageListenerContainer$ListenerConsumer - my_test_group1: Consumer stopped
2021-10-19 14:35:56 [org.springframework.kafka.KafkaListenerEndpointContainer#0-0-C-1] INFO  o.s.k.l.KafkaMessageListenerContainer$ListenerConsumer - my_test_group1: Consumer stopped
2021-10-19 14:35:56 [org.springframework.kafka.KafkaListenerEndpointContainer#0-2-C-1] INFO  o.s.k.l.KafkaMessageListenerContainer$ListenerConsumer - my_test_group1: Consumer stopped
2021-10-19 14:35:56 [org.springframework.kafka.KafkaListenerEndpointContainer#0-3-C-1] INFO  o.s.k.l.KafkaMessageListenerContainer$ListenerConsumer - my_test_group1: Consumer stopped
2021-10-19 14:35:56 [org.springframework.kafka.KafkaListenerEndpointContainer#0-1-C-1] INFO  o.s.k.l.KafkaMessageListenerContainer$ListenerConsumer - my_test_group1: Consumer stopped
2021-10-19 14:35:56 [SpringContextShutdownHook] INFO  org.apache.kafka.clients.producer.KafkaProducer - [Producer clientId=producer-1] Closing the Kafka producer with timeoutMillis = 30000 ms.
2021-10-19 14:35:56 [main] ERROR c.e.admin.commons.componet.provider.OrderProvider - send kafka error:Producer closed while send in progress
2021-10-19 14:35:56 [main] INFO  org.apache.kafka.clients.producer.ProducerConfig - ProducerConfig values: 
	acks = 1
	batch.size = 16384
	bootstrap.servers = [192.168.11.116:9092]
	buffer.memory = 33554432
	client.dns.lookup = default
	client.id = 
	compression.type = none
	connections.max.idle.ms = 540000
	delivery.timeout.ms = 120000
	enable.idempotence = false
	interceptor.classes = []
	key.serializer = class org.apache.kafka.common.serialization.StringSerializer
	linger.ms = 0
	max.block.ms = 60000
	max.in.flight.requests.per.connection = 5
	max.request.size = 1048576
	metadata.max.age.ms = 300000
	metric.reporters = []
	metrics.num.samples = 2
	metrics.recording.level = INFO
	metrics.sample.window.ms = 30000
	partitioner.class = class org.apache.kafka.clients.producer.internals.DefaultPartitioner
	receive.buffer.bytes = 32768
	reconnect.backoff.max.ms = 1000
	reconnect.backoff.ms = 50
	request.timeout.ms = 30000
	retries = 0
	retry.backoff.ms = 100
	sasl.client.callback.handler.class = null
	sasl.jaas.config = null
	sasl.kerberos.kinit.cmd = /usr/bin/kinit
	sasl.kerberos.min.time.before.relogin = 60000
	sasl.kerberos.service.name = null
	sasl.kerberos.ticket.renew.jitter = 0.05
	sasl.kerberos.ticket.renew.window.factor = 0.8
	sasl.login.callback.handler.class = null
	sasl.login.class = null
	sasl.login.refresh.buffer.seconds = 300
	sasl.login.refresh.min.period.seconds = 60
	sasl.login.refresh.window.factor = 0.8
	sasl.login.refresh.window.jitter = 0.05
	sasl.mechanism = GSSAPI
	security.protocol = PLAINTEXT
	send.buffer.bytes = 131072
	ssl.cipher.suites = null
	ssl.enabled.protocols = [TLSv1.2, TLSv1.1, TLSv1]
	ssl.endpoint.identification.algorithm = https
	ssl.key.password = null
	ssl.keymanager.algorithm = SunX509
	ssl.keystore.location = null
	ssl.keystore.password = null
	ssl.keystore.type = JKS
	ssl.protocol = TLS
	ssl.provider = null
	ssl.secure.random.implementation = null
	ssl.trustmanager.algorithm = PKIX
	ssl.truststore.location = null
	ssl.truststore.password = null
	ssl.truststore.type = JKS
	transaction.timeout.ms = 60000
	transactional.id = null
	value.serializer = class org.apache.kafka.common.serialization.StringSerializer

2021-10-19 14:35:56 [main] INFO  org.apache.kafka.common.utils.AppInfoParser - Kafka version: 2.3.1
2021-10-19 14:35:56 [main] INFO  org.apache.kafka.common.utils.AppInfoParser - Kafka commitId: 18a913733fb71c01
2021-10-19 14:35:56 [main] INFO  org.apache.kafka.common.utils.AppInfoParser - Kafka startTimeMs: 1634625356321
2021-10-19 14:38:17 [background-preinit] INFO  org.hibernate.validator.internal.util.Version - HV000001: Hibernate Validator 6.0.21.Final
2021-10-19 14:38:17 [main] INFO  com.example.admin.KafkaTest - Starting KafkaTest on AmydeMacBook-Pro.local with PID 2961 (started by amy in /Users/amy/lucky/demo2/demo/admin)
2021-10-19 14:38:17 [main] INFO  com.example.admin.KafkaTest - The following profiles are active: offline
2021-10-19 14:38:19 [main] INFO  o.s.d.r.config.RepositoryConfigurationDelegate - Multiple Spring Data modules found, entering strict repository configuration mode!
2021-10-19 14:38:19 [main] INFO  o.s.d.r.config.RepositoryConfigurationDelegate - Bootstrapping Spring Data Redis repositories in DEFAULT mode.
2021-10-19 14:38:19 [main] INFO  o.s.d.r.config.RepositoryConfigurationDelegate - Finished Spring Data repository scanning in 64ms. Found 0 Redis repository interfaces.
2021-10-19 14:38:20 [main] INFO  o.s.c.s.PostProcessorRegistrationDelegate$BeanPostProcessorChecker - Bean 'aopAccessLoggerSupportAutoConfiguration' of type [com.example.admin.commons.config.AopAccessLoggerSupportAutoConfiguration$$EnhancerBySpringCGLIB$$1420507f] is not eligible for getting processed by all BeanPostProcessors (for example: not eligible for auto-proxying)
2021-10-19 14:38:20 [main] INFO  o.s.c.s.PostProcessorRegistrationDelegate$BeanPostProcessorChecker - Bean 'aopAccessLoggerSupport' of type [com.example.admin.commons.aop.AopAccessLoggerSupport] is not eligible for getting processed by all BeanPostProcessors (for example: not eligible for auto-proxying)
2021-10-19 14:38:21 [main] INFO  o.s.boot.web.embedded.tomcat.TomcatWebServer - Tomcat initialized with port(s): 0 (http)
2021-10-19 14:38:21 [main] INFO  org.apache.coyote.http11.Http11NioProtocol - Initializing ProtocolHandler ["http-nio-auto-1"]
2021-10-19 14:38:21 [main] INFO  org.apache.catalina.core.StandardService - Starting service [Tomcat]
2021-10-19 14:38:21 [main] INFO  org.apache.catalina.core.StandardEngine - Starting Servlet engine: [Apache Tomcat/9.0.39]
2021-10-19 14:38:21 [main] INFO  o.a.c.c.ContainerBase.[Tomcat].[localhost].[/girl] - Initializing Spring embedded WebApplicationContext
2021-10-19 14:38:21 [main] INFO  o.s.b.w.s.c.ServletWebServerApplicationContext - Root WebApplicationContext: initialization completed in 3720 ms
2021-10-19 14:38:22 [main] INFO  c.e.admin.commons.config.LoggerTaskExecutorConfig - loggerTaskExecutor.coreSize:16
2021-10-19 14:38:24 [main] INFO  io.searchbox.client.AbstractJestClient - Setting server pool to a list of 1 servers: [http://172.16.0.63:29200]
2021-10-19 14:38:24 [main] INFO  io.searchbox.client.JestClientFactory - Using multi thread/connection supporting pooling connection manager
2021-10-19 14:38:24 [main] INFO  io.searchbox.client.JestClientFactory - Using custom GSON instance
2021-10-19 14:38:24 [main] INFO  io.searchbox.client.JestClientFactory - Node Discovery disabled...
2021-10-19 14:38:24 [main] INFO  io.searchbox.client.JestClientFactory - Idle connection reaping disabled...
2021-10-19 14:38:25 [main] INFO  org.apache.kafka.clients.consumer.ConsumerConfig - ConsumerConfig values: 
	allow.auto.create.topics = true
	auto.commit.interval.ms = 100
	auto.offset.reset = earliest
	bootstrap.servers = [192.168.11.77:9092]
	check.crcs = true
	client.dns.lookup = default
	client.id = 
	client.rack = 
	connections.max.idle.ms = 540000
	default.api.timeout.ms = 60000
	enable.auto.commit = true
	exclude.internal.topics = true
	fetch.max.bytes = 52428800
	fetch.max.wait.ms = 500
	fetch.min.bytes = 1
	group.id = my_test_group1
	group.instance.id = null
	heartbeat.interval.ms = 3000
	interceptor.classes = []
	internal.leave.group.on.close = true
	isolation.level = read_uncommitted
	key.deserializer = class org.apache.kafka.common.serialization.StringDeserializer
	max.partition.fetch.bytes = 1048576
	max.poll.interval.ms = 300000
	max.poll.records = 500
	metadata.max.age.ms = 300000
	metric.reporters = []
	metrics.num.samples = 2
	metrics.recording.level = INFO
	metrics.sample.window.ms = 30000
	partition.assignment.strategy = [class org.apache.kafka.clients.consumer.RangeAssignor]
	receive.buffer.bytes = 65536
	reconnect.backoff.max.ms = 1000
	reconnect.backoff.ms = 50
	request.timeout.ms = 30000
	retry.backoff.ms = 100
	sasl.client.callback.handler.class = null
	sasl.jaas.config = null
	sasl.kerberos.kinit.cmd = /usr/bin/kinit
	sasl.kerberos.min.time.before.relogin = 60000
	sasl.kerberos.service.name = null
	sasl.kerberos.ticket.renew.jitter = 0.05
	sasl.kerberos.ticket.renew.window.factor = 0.8
	sasl.login.callback.handler.class = null
	sasl.login.class = null
	sasl.login.refresh.buffer.seconds = 300
	sasl.login.refresh.min.period.seconds = 60
	sasl.login.refresh.window.factor = 0.8
	sasl.login.refresh.window.jitter = 0.05
	sasl.mechanism = GSSAPI
	security.protocol = PLAINTEXT
	send.buffer.bytes = 131072
	session.timeout.ms = 10000
	ssl.cipher.suites = null
	ssl.enabled.protocols = [TLSv1.2, TLSv1.1, TLSv1]
	ssl.endpoint.identification.algorithm = https
	ssl.key.password = null
	ssl.keymanager.algorithm = SunX509
	ssl.keystore.location = null
	ssl.keystore.password = null
	ssl.keystore.type = JKS
	ssl.protocol = TLS
	ssl.provider = null
	ssl.secure.random.implementation = null
	ssl.trustmanager.algorithm = PKIX
	ssl.truststore.location = null
	ssl.truststore.password = null
	ssl.truststore.type = JKS
	value.deserializer = class org.apache.kafka.common.serialization.StringDeserializer

2021-10-19 14:38:25 [main] INFO  org.apache.kafka.common.utils.AppInfoParser - Kafka version: 2.3.1
2021-10-19 14:38:25 [main] INFO  org.apache.kafka.common.utils.AppInfoParser - Kafka commitId: 18a913733fb71c01
2021-10-19 14:38:25 [main] INFO  org.apache.kafka.common.utils.AppInfoParser - Kafka startTimeMs: 1634625505290
2021-10-19 14:38:25 [main] INFO  org.apache.kafka.clients.consumer.KafkaConsumer - [Consumer clientId=consumer-1, groupId=my_test_group1] Subscribed to topic(s): order_test
2021-10-19 14:38:25 [main] INFO  o.s.scheduling.concurrent.ThreadPoolTaskScheduler - Initializing ExecutorService
2021-10-19 14:38:25 [main] INFO  org.apache.kafka.clients.consumer.ConsumerConfig - ConsumerConfig values: 
	allow.auto.create.topics = true
	auto.commit.interval.ms = 100
	auto.offset.reset = earliest
	bootstrap.servers = [192.168.11.77:9092]
	check.crcs = true
	client.dns.lookup = default
	client.id = 
	client.rack = 
	connections.max.idle.ms = 540000
	default.api.timeout.ms = 60000
	enable.auto.commit = true
	exclude.internal.topics = true
	fetch.max.bytes = 52428800
	fetch.max.wait.ms = 500
	fetch.min.bytes = 1
	group.id = my_test_group1
	group.instance.id = null
	heartbeat.interval.ms = 3000
	interceptor.classes = []
	internal.leave.group.on.close = true
	isolation.level = read_uncommitted
	key.deserializer = class org.apache.kafka.common.serialization.StringDeserializer
	max.partition.fetch.bytes = 1048576
	max.poll.interval.ms = 300000
	max.poll.records = 500
	metadata.max.age.ms = 300000
	metric.reporters = []
	metrics.num.samples = 2
	metrics.recording.level = INFO
	metrics.sample.window.ms = 30000
	partition.assignment.strategy = [class org.apache.kafka.clients.consumer.RangeAssignor]
	receive.buffer.bytes = 65536
	reconnect.backoff.max.ms = 1000
	reconnect.backoff.ms = 50
	request.timeout.ms = 30000
	retry.backoff.ms = 100
	sasl.client.callback.handler.class = null
	sasl.jaas.config = null
	sasl.kerberos.kinit.cmd = /usr/bin/kinit
	sasl.kerberos.min.time.before.relogin = 60000
	sasl.kerberos.service.name = null
	sasl.kerberos.ticket.renew.jitter = 0.05
	sasl.kerberos.ticket.renew.window.factor = 0.8
	sasl.login.callback.handler.class = null
	sasl.login.class = null
	sasl.login.refresh.buffer.seconds = 300
	sasl.login.refresh.min.period.seconds = 60
	sasl.login.refresh.window.factor = 0.8
	sasl.login.refresh.window.jitter = 0.05
	sasl.mechanism = GSSAPI
	security.protocol = PLAINTEXT
	send.buffer.bytes = 131072
	session.timeout.ms = 10000
	ssl.cipher.suites = null
	ssl.enabled.protocols = [TLSv1.2, TLSv1.1, TLSv1]
	ssl.endpoint.identification.algorithm = https
	ssl.key.password = null
	ssl.keymanager.algorithm = SunX509
	ssl.keystore.location = null
	ssl.keystore.password = null
	ssl.keystore.type = JKS
	ssl.protocol = TLS
	ssl.provider = null
	ssl.secure.random.implementation = null
	ssl.trustmanager.algorithm = PKIX
	ssl.truststore.location = null
	ssl.truststore.password = null
	ssl.truststore.type = JKS
	value.deserializer = class org.apache.kafka.common.serialization.StringDeserializer

2021-10-19 14:38:25 [main] INFO  org.apache.kafka.common.utils.AppInfoParser - Kafka version: 2.3.1
2021-10-19 14:38:25 [main] INFO  org.apache.kafka.common.utils.AppInfoParser - Kafka commitId: 18a913733fb71c01
2021-10-19 14:38:25 [main] INFO  org.apache.kafka.common.utils.AppInfoParser - Kafka startTimeMs: 1634625505329
2021-10-19 14:38:25 [main] INFO  org.apache.kafka.clients.consumer.KafkaConsumer - [Consumer clientId=consumer-2, groupId=my_test_group1] Subscribed to topic(s): order_test
2021-10-19 14:38:25 [main] INFO  o.s.scheduling.concurrent.ThreadPoolTaskScheduler - Initializing ExecutorService
2021-10-19 14:38:25 [main] INFO  org.apache.kafka.clients.consumer.ConsumerConfig - ConsumerConfig values: 
	allow.auto.create.topics = true
	auto.commit.interval.ms = 100
	auto.offset.reset = earliest
	bootstrap.servers = [192.168.11.77:9092]
	check.crcs = true
	client.dns.lookup = default
	client.id = 
	client.rack = 
	connections.max.idle.ms = 540000
	default.api.timeout.ms = 60000
	enable.auto.commit = true
	exclude.internal.topics = true
	fetch.max.bytes = 52428800
	fetch.max.wait.ms = 500
	fetch.min.bytes = 1
	group.id = my_test_group1
	group.instance.id = null
	heartbeat.interval.ms = 3000
	interceptor.classes = []
	internal.leave.group.on.close = true
	isolation.level = read_uncommitted
	key.deserializer = class org.apache.kafka.common.serialization.StringDeserializer
	max.partition.fetch.bytes = 1048576
	max.poll.interval.ms = 300000
	max.poll.records = 500
	metadata.max.age.ms = 300000
	metric.reporters = []
	metrics.num.samples = 2
	metrics.recording.level = INFO
	metrics.sample.window.ms = 30000
	partition.assignment.strategy = [class org.apache.kafka.clients.consumer.RangeAssignor]
	receive.buffer.bytes = 65536
	reconnect.backoff.max.ms = 1000
	reconnect.backoff.ms = 50
	request.timeout.ms = 30000
	retry.backoff.ms = 100
	sasl.client.callback.handler.class = null
	sasl.jaas.config = null
	sasl.kerberos.kinit.cmd = /usr/bin/kinit
	sasl.kerberos.min.time.before.relogin = 60000
	sasl.kerberos.service.name = null
	sasl.kerberos.ticket.renew.jitter = 0.05
	sasl.kerberos.ticket.renew.window.factor = 0.8
	sasl.login.callback.handler.class = null
	sasl.login.class = null
	sasl.login.refresh.buffer.seconds = 300
	sasl.login.refresh.min.period.seconds = 60
	sasl.login.refresh.window.factor = 0.8
	sasl.login.refresh.window.jitter = 0.05
	sasl.mechanism = GSSAPI
	security.protocol = PLAINTEXT
	send.buffer.bytes = 131072
	session.timeout.ms = 10000
	ssl.cipher.suites = null
	ssl.enabled.protocols = [TLSv1.2, TLSv1.1, TLSv1]
	ssl.endpoint.identification.algorithm = https
	ssl.key.password = null
	ssl.keymanager.algorithm = SunX509
	ssl.keystore.location = null
	ssl.keystore.password = null
	ssl.keystore.type = JKS
	ssl.protocol = TLS
	ssl.provider = null
	ssl.secure.random.implementation = null
	ssl.trustmanager.algorithm = PKIX
	ssl.truststore.location = null
	ssl.truststore.password = null
	ssl.truststore.type = JKS
	value.deserializer = class org.apache.kafka.common.serialization.StringDeserializer

2021-10-19 14:38:25 [main] INFO  org.apache.kafka.common.utils.AppInfoParser - Kafka version: 2.3.1
2021-10-19 14:38:25 [main] INFO  org.apache.kafka.common.utils.AppInfoParser - Kafka commitId: 18a913733fb71c01
2021-10-19 14:38:25 [main] INFO  org.apache.kafka.common.utils.AppInfoParser - Kafka startTimeMs: 1634625505354
2021-10-19 14:38:25 [main] INFO  org.apache.kafka.clients.consumer.KafkaConsumer - [Consumer clientId=consumer-3, groupId=my_test_group1] Subscribed to topic(s): order_test
2021-10-19 14:38:25 [main] INFO  o.s.scheduling.concurrent.ThreadPoolTaskScheduler - Initializing ExecutorService
2021-10-19 14:38:25 [main] INFO  org.apache.kafka.clients.consumer.ConsumerConfig - ConsumerConfig values: 
	allow.auto.create.topics = true
	auto.commit.interval.ms = 100
	auto.offset.reset = earliest
	bootstrap.servers = [192.168.11.77:9092]
	check.crcs = true
	client.dns.lookup = default
	client.id = 
	client.rack = 
	connections.max.idle.ms = 540000
	default.api.timeout.ms = 60000
	enable.auto.commit = true
	exclude.internal.topics = true
	fetch.max.bytes = 52428800
	fetch.max.wait.ms = 500
	fetch.min.bytes = 1
	group.id = my_test_group1
	group.instance.id = null
	heartbeat.interval.ms = 3000
	interceptor.classes = []
	internal.leave.group.on.close = true
	isolation.level = read_uncommitted
	key.deserializer = class org.apache.kafka.common.serialization.StringDeserializer
	max.partition.fetch.bytes = 1048576
	max.poll.interval.ms = 300000
	max.poll.records = 500
	metadata.max.age.ms = 300000
	metric.reporters = []
	metrics.num.samples = 2
	metrics.recording.level = INFO
	metrics.sample.window.ms = 30000
	partition.assignment.strategy = [class org.apache.kafka.clients.consumer.RangeAssignor]
	receive.buffer.bytes = 65536
	reconnect.backoff.max.ms = 1000
	reconnect.backoff.ms = 50
	request.timeout.ms = 30000
	retry.backoff.ms = 100
	sasl.client.callback.handler.class = null
	sasl.jaas.config = null
	sasl.kerberos.kinit.cmd = /usr/bin/kinit
	sasl.kerberos.min.time.before.relogin = 60000
	sasl.kerberos.service.name = null
	sasl.kerberos.ticket.renew.jitter = 0.05
	sasl.kerberos.ticket.renew.window.factor = 0.8
	sasl.login.callback.handler.class = null
	sasl.login.class = null
	sasl.login.refresh.buffer.seconds = 300
	sasl.login.refresh.min.period.seconds = 60
	sasl.login.refresh.window.factor = 0.8
	sasl.login.refresh.window.jitter = 0.05
	sasl.mechanism = GSSAPI
	security.protocol = PLAINTEXT
	send.buffer.bytes = 131072
	session.timeout.ms = 10000
	ssl.cipher.suites = null
	ssl.enabled.protocols = [TLSv1.2, TLSv1.1, TLSv1]
	ssl.endpoint.identification.algorithm = https
	ssl.key.password = null
	ssl.keymanager.algorithm = SunX509
	ssl.keystore.location = null
	ssl.keystore.password = null
	ssl.keystore.type = JKS
	ssl.protocol = TLS
	ssl.provider = null
	ssl.secure.random.implementation = null
	ssl.trustmanager.algorithm = PKIX
	ssl.truststore.location = null
	ssl.truststore.password = null
	ssl.truststore.type = JKS
	value.deserializer = class org.apache.kafka.common.serialization.StringDeserializer

2021-10-19 14:38:25 [main] INFO  org.apache.kafka.common.utils.AppInfoParser - Kafka version: 2.3.1
2021-10-19 14:38:25 [main] INFO  org.apache.kafka.common.utils.AppInfoParser - Kafka commitId: 18a913733fb71c01
2021-10-19 14:38:25 [main] INFO  org.apache.kafka.common.utils.AppInfoParser - Kafka startTimeMs: 1634625505369
2021-10-19 14:38:25 [main] INFO  org.apache.kafka.clients.consumer.KafkaConsumer - [Consumer clientId=consumer-4, groupId=my_test_group1] Subscribed to topic(s): order_test
2021-10-19 14:38:25 [main] INFO  o.s.scheduling.concurrent.ThreadPoolTaskScheduler - Initializing ExecutorService
2021-10-19 14:38:25 [main] INFO  org.apache.kafka.clients.consumer.ConsumerConfig - ConsumerConfig values: 
	allow.auto.create.topics = true
	auto.commit.interval.ms = 100
	auto.offset.reset = earliest
	bootstrap.servers = [192.168.11.77:9092]
	check.crcs = true
	client.dns.lookup = default
	client.id = 
	client.rack = 
	connections.max.idle.ms = 540000
	default.api.timeout.ms = 60000
	enable.auto.commit = true
	exclude.internal.topics = true
	fetch.max.bytes = 52428800
	fetch.max.wait.ms = 500
	fetch.min.bytes = 1
	group.id = my_test_group1
	group.instance.id = null
	heartbeat.interval.ms = 3000
	interceptor.classes = []
	internal.leave.group.on.close = true
	isolation.level = read_uncommitted
	key.deserializer = class org.apache.kafka.common.serialization.StringDeserializer
	max.partition.fetch.bytes = 1048576
	max.poll.interval.ms = 300000
	max.poll.records = 500
	metadata.max.age.ms = 300000
	metric.reporters = []
	metrics.num.samples = 2
	metrics.recording.level = INFO
	metrics.sample.window.ms = 30000
	partition.assignment.strategy = [class org.apache.kafka.clients.consumer.RangeAssignor]
	receive.buffer.bytes = 65536
	reconnect.backoff.max.ms = 1000
	reconnect.backoff.ms = 50
	request.timeout.ms = 30000
	retry.backoff.ms = 100
	sasl.client.callback.handler.class = null
	sasl.jaas.config = null
	sasl.kerberos.kinit.cmd = /usr/bin/kinit
	sasl.kerberos.min.time.before.relogin = 60000
	sasl.kerberos.service.name = null
	sasl.kerberos.ticket.renew.jitter = 0.05
	sasl.kerberos.ticket.renew.window.factor = 0.8
	sasl.login.callback.handler.class = null
	sasl.login.class = null
	sasl.login.refresh.buffer.seconds = 300
	sasl.login.refresh.min.period.seconds = 60
	sasl.login.refresh.window.factor = 0.8
	sasl.login.refresh.window.jitter = 0.05
	sasl.mechanism = GSSAPI
	security.protocol = PLAINTEXT
	send.buffer.bytes = 131072
	session.timeout.ms = 10000
	ssl.cipher.suites = null
	ssl.enabled.protocols = [TLSv1.2, TLSv1.1, TLSv1]
	ssl.endpoint.identification.algorithm = https
	ssl.key.password = null
	ssl.keymanager.algorithm = SunX509
	ssl.keystore.location = null
	ssl.keystore.password = null
	ssl.keystore.type = JKS
	ssl.protocol = TLS
	ssl.provider = null
	ssl.secure.random.implementation = null
	ssl.trustmanager.algorithm = PKIX
	ssl.truststore.location = null
	ssl.truststore.password = null
	ssl.truststore.type = JKS
	value.deserializer = class org.apache.kafka.common.serialization.StringDeserializer

2021-10-19 14:38:25 [main] INFO  org.apache.kafka.common.utils.AppInfoParser - Kafka version: 2.3.1
2021-10-19 14:38:25 [main] INFO  org.apache.kafka.common.utils.AppInfoParser - Kafka commitId: 18a913733fb71c01
2021-10-19 14:38:25 [main] INFO  org.apache.kafka.common.utils.AppInfoParser - Kafka startTimeMs: 1634625505381
2021-10-19 14:38:25 [main] INFO  org.apache.kafka.clients.consumer.KafkaConsumer - [Consumer clientId=consumer-5, groupId=my_test_group1] Subscribed to topic(s): order_test
2021-10-19 14:38:25 [main] INFO  o.s.scheduling.concurrent.ThreadPoolTaskScheduler - Initializing ExecutorService
2021-10-19 14:38:25 [main] INFO  org.apache.coyote.http11.Http11NioProtocol - Starting ProtocolHandler ["http-nio-auto-1"]
2021-10-19 14:38:25 [main] INFO  o.s.boot.web.embedded.tomcat.TomcatWebServer - Tomcat started on port(s): 50593 (http) with context path '/girl'
2021-10-19 14:38:25 [main] INFO  com.example.admin.KafkaTest - Started KafkaTest in 8.843 seconds (JVM running for 11.336)
2021-10-19 14:38:25 [main] INFO  com.example.admin.commons.componet.PermApplication - controller request url:/auth
2021-10-19 14:38:25 [main] INFO  com.example.admin.commons.componet.PermApplication - controller request url:/demo
2021-10-19 14:38:25 [main] INFO  com.example.admin.commons.componet.PermApplication - controller request url:/perm
2021-10-19 14:38:25 [main] INFO  com.example.admin.commons.componet.PermApplication - auth:perm:edit,desc:编辑
2021-10-19 14:38:25 [main] INFO  com.example.admin.commons.componet.PermApplication - url:/perm
2021-10-19 14:38:25 [main] INFO  com.example.admin.commons.componet.PermApplication - auth:perm:list,desc:查询
2021-10-19 14:38:25 [main] INFO  com.example.admin.commons.componet.PermApplication - url:/perm
2021-10-19 14:38:25 [org.springframework.kafka.KafkaListenerEndpointContainer#0-2-C-1] INFO  org.apache.kafka.clients.Metadata - [Consumer clientId=consumer-3, groupId=my_test_group1] Cluster ID: 8Uz3HxZcSQO5B5MdbJMapw
2021-10-19 14:38:25 [org.springframework.kafka.KafkaListenerEndpointContainer#0-0-C-1] INFO  org.apache.kafka.clients.Metadata - [Consumer clientId=consumer-1, groupId=my_test_group1] Cluster ID: 8Uz3HxZcSQO5B5MdbJMapw
2021-10-19 14:38:25 [org.springframework.kafka.KafkaListenerEndpointContainer#0-1-C-1] INFO  org.apache.kafka.clients.Metadata - [Consumer clientId=consumer-2, groupId=my_test_group1] Cluster ID: 8Uz3HxZcSQO5B5MdbJMapw
2021-10-19 14:38:25 [org.springframework.kafka.KafkaListenerEndpointContainer#0-3-C-1] INFO  org.apache.kafka.clients.Metadata - [Consumer clientId=consumer-4, groupId=my_test_group1] Cluster ID: 8Uz3HxZcSQO5B5MdbJMapw
2021-10-19 14:38:25 [org.springframework.kafka.KafkaListenerEndpointContainer#0-0-C-1] INFO  o.a.k.c.consumer.internals.AbstractCoordinator - [Consumer clientId=consumer-1, groupId=my_test_group1] Discovered group coordinator 192.168.11.77:9092 (id: 2147482646 rack: null)
2021-10-19 14:38:25 [org.springframework.kafka.KafkaListenerEndpointContainer#0-1-C-1] INFO  o.a.k.c.consumer.internals.AbstractCoordinator - [Consumer clientId=consumer-2, groupId=my_test_group1] Discovered group coordinator 192.168.11.77:9092 (id: 2147482646 rack: null)
2021-10-19 14:38:25 [org.springframework.kafka.KafkaListenerEndpointContainer#0-2-C-1] INFO  o.a.k.c.consumer.internals.AbstractCoordinator - [Consumer clientId=consumer-3, groupId=my_test_group1] Discovered group coordinator 192.168.11.77:9092 (id: 2147482646 rack: null)
2021-10-19 14:38:25 [org.springframework.kafka.KafkaListenerEndpointContainer#0-4-C-1] INFO  org.apache.kafka.clients.Metadata - [Consumer clientId=consumer-5, groupId=my_test_group1] Cluster ID: 8Uz3HxZcSQO5B5MdbJMapw
2021-10-19 14:38:25 [org.springframework.kafka.KafkaListenerEndpointContainer#0-4-C-1] INFO  o.a.k.c.consumer.internals.AbstractCoordinator - [Consumer clientId=consumer-5, groupId=my_test_group1] Discovered group coordinator 192.168.11.77:9092 (id: 2147482646 rack: null)
2021-10-19 14:38:25 [org.springframework.kafka.KafkaListenerEndpointContainer#0-3-C-1] INFO  o.a.k.c.consumer.internals.AbstractCoordinator - [Consumer clientId=consumer-4, groupId=my_test_group1] Discovered group coordinator 192.168.11.77:9092 (id: 2147482646 rack: null)
2021-10-19 14:38:25 [org.springframework.kafka.KafkaListenerEndpointContainer#0-0-C-1] INFO  o.a.k.c.consumer.internals.ConsumerCoordinator - [Consumer clientId=consumer-1, groupId=my_test_group1] Revoking previously assigned partitions []
2021-10-19 14:38:25 [org.springframework.kafka.KafkaListenerEndpointContainer#0-0-C-1] INFO  o.s.kafka.listener.KafkaMessageListenerContainer - my_test_group1: partitions revoked: []
2021-10-19 14:38:25 [org.springframework.kafka.KafkaListenerEndpointContainer#0-4-C-1] INFO  o.a.k.c.consumer.internals.ConsumerCoordinator - [Consumer clientId=consumer-5, groupId=my_test_group1] Revoking previously assigned partitions []
2021-10-19 14:38:25 [org.springframework.kafka.KafkaListenerEndpointContainer#0-4-C-1] INFO  o.s.kafka.listener.KafkaMessageListenerContainer - my_test_group1: partitions revoked: []
2021-10-19 14:38:25 [org.springframework.kafka.KafkaListenerEndpointContainer#0-0-C-1] INFO  o.a.k.c.consumer.internals.AbstractCoordinator - [Consumer clientId=consumer-1, groupId=my_test_group1] (Re-)joining group
2021-10-19 14:38:25 [org.springframework.kafka.KafkaListenerEndpointContainer#0-4-C-1] INFO  o.a.k.c.consumer.internals.AbstractCoordinator - [Consumer clientId=consumer-5, groupId=my_test_group1] (Re-)joining group
2021-10-19 14:38:25 [org.springframework.kafka.KafkaListenerEndpointContainer#0-2-C-1] INFO  o.a.k.c.consumer.internals.ConsumerCoordinator - [Consumer clientId=consumer-3, groupId=my_test_group1] Revoking previously assigned partitions []
2021-10-19 14:38:25 [org.springframework.kafka.KafkaListenerEndpointContainer#0-2-C-1] INFO  o.s.kafka.listener.KafkaMessageListenerContainer - my_test_group1: partitions revoked: []
2021-10-19 14:38:25 [org.springframework.kafka.KafkaListenerEndpointContainer#0-2-C-1] INFO  o.a.k.c.consumer.internals.AbstractCoordinator - [Consumer clientId=consumer-3, groupId=my_test_group1] (Re-)joining group
2021-10-19 14:38:25 [org.springframework.kafka.KafkaListenerEndpointContainer#0-3-C-1] INFO  o.a.k.c.consumer.internals.ConsumerCoordinator - [Consumer clientId=consumer-4, groupId=my_test_group1] Revoking previously assigned partitions []
2021-10-19 14:38:25 [org.springframework.kafka.KafkaListenerEndpointContainer#0-3-C-1] INFO  o.s.kafka.listener.KafkaMessageListenerContainer - my_test_group1: partitions revoked: []
2021-10-19 14:38:25 [org.springframework.kafka.KafkaListenerEndpointContainer#0-3-C-1] INFO  o.a.k.c.consumer.internals.AbstractCoordinator - [Consumer clientId=consumer-4, groupId=my_test_group1] (Re-)joining group
2021-10-19 14:38:25 [org.springframework.kafka.KafkaListenerEndpointContainer#0-1-C-1] INFO  o.a.k.c.consumer.internals.ConsumerCoordinator - [Consumer clientId=consumer-2, groupId=my_test_group1] Revoking previously assigned partitions []
2021-10-19 14:38:25 [org.springframework.kafka.KafkaListenerEndpointContainer#0-1-C-1] INFO  o.s.kafka.listener.KafkaMessageListenerContainer - my_test_group1: partitions revoked: []
2021-10-19 14:38:25 [org.springframework.kafka.KafkaListenerEndpointContainer#0-1-C-1] INFO  o.a.k.c.consumer.internals.AbstractCoordinator - [Consumer clientId=consumer-2, groupId=my_test_group1] (Re-)joining group
2021-10-19 14:38:25 [org.springframework.kafka.KafkaListenerEndpointContainer#0-4-C-1] INFO  o.a.k.c.consumer.internals.AbstractCoordinator - [Consumer clientId=consumer-5, groupId=my_test_group1] (Re-)joining group
2021-10-19 14:38:25 [org.springframework.kafka.KafkaListenerEndpointContainer#0-2-C-1] INFO  o.a.k.c.consumer.internals.AbstractCoordinator - [Consumer clientId=consumer-3, groupId=my_test_group1] (Re-)joining group
2021-10-19 14:38:25 [org.springframework.kafka.KafkaListenerEndpointContainer#0-1-C-1] INFO  o.a.k.c.consumer.internals.AbstractCoordinator - [Consumer clientId=consumer-2, groupId=my_test_group1] (Re-)joining group
2021-10-19 14:38:25 [org.springframework.kafka.KafkaListenerEndpointContainer#0-3-C-1] INFO  o.a.k.c.consumer.internals.AbstractCoordinator - [Consumer clientId=consumer-4, groupId=my_test_group1] (Re-)joining group
2021-10-19 14:38:25 [org.springframework.kafka.KafkaListenerEndpointContainer#0-0-C-1] INFO  o.a.k.c.consumer.internals.AbstractCoordinator - [Consumer clientId=consumer-1, groupId=my_test_group1] (Re-)joining group
2021-10-19 14:38:26 [main] INFO  org.apache.kafka.clients.producer.ProducerConfig - ProducerConfig values: 
	acks = 1
	batch.size = 16384
	bootstrap.servers = [192.168.11.77:9092]
	buffer.memory = 33554432
	client.dns.lookup = default
	client.id = 
	compression.type = none
	connections.max.idle.ms = 540000
	delivery.timeout.ms = 120000
	enable.idempotence = false
	interceptor.classes = []
	key.serializer = class org.apache.kafka.common.serialization.StringSerializer
	linger.ms = 0
	max.block.ms = 60000
	max.in.flight.requests.per.connection = 5
	max.request.size = 1048576
	metadata.max.age.ms = 300000
	metric.reporters = []
	metrics.num.samples = 2
	metrics.recording.level = INFO
	metrics.sample.window.ms = 30000
	partitioner.class = class org.apache.kafka.clients.producer.internals.DefaultPartitioner
	receive.buffer.bytes = 32768
	reconnect.backoff.max.ms = 1000
	reconnect.backoff.ms = 50
	request.timeout.ms = 30000
	retries = 0
	retry.backoff.ms = 100
	sasl.client.callback.handler.class = null
	sasl.jaas.config = null
	sasl.kerberos.kinit.cmd = /usr/bin/kinit
	sasl.kerberos.min.time.before.relogin = 60000
	sasl.kerberos.service.name = null
	sasl.kerberos.ticket.renew.jitter = 0.05
	sasl.kerberos.ticket.renew.window.factor = 0.8
	sasl.login.callback.handler.class = null
	sasl.login.class = null
	sasl.login.refresh.buffer.seconds = 300
	sasl.login.refresh.min.period.seconds = 60
	sasl.login.refresh.window.factor = 0.8
	sasl.login.refresh.window.jitter = 0.05
	sasl.mechanism = GSSAPI
	security.protocol = PLAINTEXT
	send.buffer.bytes = 131072
	ssl.cipher.suites = null
	ssl.enabled.protocols = [TLSv1.2, TLSv1.1, TLSv1]
	ssl.endpoint.identification.algorithm = https
	ssl.key.password = null
	ssl.keymanager.algorithm = SunX509
	ssl.keystore.location = null
	ssl.keystore.password = null
	ssl.keystore.type = JKS
	ssl.protocol = TLS
	ssl.provider = null
	ssl.secure.random.implementation = null
	ssl.trustmanager.algorithm = PKIX
	ssl.truststore.location = null
	ssl.truststore.password = null
	ssl.truststore.type = JKS
	transaction.timeout.ms = 60000
	transactional.id = null
	value.serializer = class org.apache.kafka.common.serialization.StringSerializer

2021-10-19 14:38:26 [main] INFO  org.apache.kafka.common.utils.AppInfoParser - Kafka version: 2.3.1
2021-10-19 14:38:26 [main] INFO  org.apache.kafka.common.utils.AppInfoParser - Kafka commitId: 18a913733fb71c01
2021-10-19 14:38:26 [main] INFO  org.apache.kafka.common.utils.AppInfoParser - Kafka startTimeMs: 1634625506540
2021-10-19 14:38:26 [kafka-producer-network-thread | producer-1] INFO  org.apache.kafka.clients.Metadata - [Producer clientId=producer-1] Cluster ID: 8Uz3HxZcSQO5B5MdbJMapw
2021-10-19 14:38:26 [org.springframework.kafka.KafkaListenerEndpointContainer#0-4-C-1] INFO  o.a.k.c.consumer.internals.AbstractCoordinator - [Consumer clientId=consumer-5, groupId=my_test_group1] Member consumer-5-f99533b6-ddc9-4ad3-8206-c51d2e47546c sending LeaveGroup request to coordinator 192.168.11.77:9092 (id: 2147482646 rack: null)
2021-10-19 14:38:26 [org.springframework.kafka.KafkaListenerEndpointContainer#0-2-C-1] INFO  o.a.k.c.consumer.internals.AbstractCoordinator - [Consumer clientId=consumer-3, groupId=my_test_group1] Member consumer-3-7b14f6f4-526b-46cc-82a5-c13805173f2e sending LeaveGroup request to coordinator 192.168.11.77:9092 (id: 2147482646 rack: null)
2021-10-19 14:38:26 [org.springframework.kafka.KafkaListenerEndpointContainer#0-0-C-1] INFO  o.a.k.c.consumer.internals.AbstractCoordinator - [Consumer clientId=consumer-1, groupId=my_test_group1] Member consumer-1-96d74bb1-32b9-4208-a746-afd0d5b563bc sending LeaveGroup request to coordinator 192.168.11.77:9092 (id: 2147482646 rack: null)
2021-10-19 14:38:26 [org.springframework.kafka.KafkaListenerEndpointContainer#0-4-C-1] INFO  org.apache.kafka.clients.consumer.KafkaConsumer - [Consumer clientId=consumer-5, groupId=my_test_group1] Unsubscribed all topics or patterns and assigned partitions
2021-10-19 14:38:26 [org.springframework.kafka.KafkaListenerEndpointContainer#0-4-C-1] INFO  o.s.scheduling.concurrent.ThreadPoolTaskScheduler - Shutting down ExecutorService
2021-10-19 14:38:26 [org.springframework.kafka.KafkaListenerEndpointContainer#0-0-C-1] INFO  org.apache.kafka.clients.consumer.KafkaConsumer - [Consumer clientId=consumer-1, groupId=my_test_group1] Unsubscribed all topics or patterns and assigned partitions
2021-10-19 14:38:26 [org.springframework.kafka.KafkaListenerEndpointContainer#0-0-C-1] INFO  o.s.scheduling.concurrent.ThreadPoolTaskScheduler - Shutting down ExecutorService
2021-10-19 14:38:26 [org.springframework.kafka.KafkaListenerEndpointContainer#0-1-C-1] INFO  o.a.k.c.consumer.internals.AbstractCoordinator - [Consumer clientId=consumer-2, groupId=my_test_group1] Member consumer-2-4f169234-c6a2-4601-a00e-0cbbf0b138f0 sending LeaveGroup request to coordinator 192.168.11.77:9092 (id: 2147482646 rack: null)
2021-10-19 14:38:26 [org.springframework.kafka.KafkaListenerEndpointContainer#0-3-C-1] INFO  o.a.k.c.consumer.internals.AbstractCoordinator - [Consumer clientId=consumer-4, groupId=my_test_group1] Member consumer-4-54b35ed5-f74b-47f4-9ea1-20eacceb556b sending LeaveGroup request to coordinator 192.168.11.77:9092 (id: 2147482646 rack: null)
2021-10-19 14:38:26 [org.springframework.kafka.KafkaListenerEndpointContainer#0-2-C-1] INFO  org.apache.kafka.clients.consumer.KafkaConsumer - [Consumer clientId=consumer-3, groupId=my_test_group1] Unsubscribed all topics or patterns and assigned partitions
2021-10-19 14:38:26 [org.springframework.kafka.KafkaListenerEndpointContainer#0-2-C-1] INFO  o.s.scheduling.concurrent.ThreadPoolTaskScheduler - Shutting down ExecutorService
2021-10-19 14:38:26 [org.springframework.kafka.KafkaListenerEndpointContainer#0-1-C-1] INFO  org.apache.kafka.clients.consumer.KafkaConsumer - [Consumer clientId=consumer-2, groupId=my_test_group1] Unsubscribed all topics or patterns and assigned partitions
2021-10-19 14:38:26 [org.springframework.kafka.KafkaListenerEndpointContainer#0-3-C-1] INFO  org.apache.kafka.clients.consumer.KafkaConsumer - [Consumer clientId=consumer-4, groupId=my_test_group1] Unsubscribed all topics or patterns and assigned partitions
2021-10-19 14:38:26 [org.springframework.kafka.KafkaListenerEndpointContainer#0-1-C-1] INFO  o.s.scheduling.concurrent.ThreadPoolTaskScheduler - Shutting down ExecutorService
2021-10-19 14:38:26 [org.springframework.kafka.KafkaListenerEndpointContainer#0-3-C-1] INFO  o.s.scheduling.concurrent.ThreadPoolTaskScheduler - Shutting down ExecutorService
2021-10-19 14:38:26 [kafka-producer-network-thread | producer-1] INFO  c.e.admin.commons.componet.provider.OrderProvider - send-success:{"createTime":1634625506153,"orderId":0,"orderNum":"a69907e8-09de-43e0-b8c4-d3ece84048e3"}
2021-10-19 14:38:26 [kafka-producer-network-thread | producer-1] INFO  c.e.admin.commons.componet.provider.OrderProvider - send-success:{"createTime":1634625506631,"orderId":1,"orderNum":"c00609cc-9ef1-4104-914e-a95fe3dc781c"}
2021-10-19 14:38:26 [kafka-producer-network-thread | producer-1] INFO  c.e.admin.commons.componet.provider.OrderProvider - send-success:{"createTime":1634625506632,"orderId":2,"orderNum":"7924cb2c-f8fc-4b37-aa2a-7eb847e98a0f"}
2021-10-19 14:38:26 [kafka-producer-network-thread | producer-1] INFO  c.e.admin.commons.componet.provider.OrderProvider - send-success:{"createTime":1634625506632,"orderId":3,"orderNum":"de630c01-beef-44bf-9340-e796017b29d5"}
2021-10-19 14:38:26 [kafka-producer-network-thread | producer-1] INFO  c.e.admin.commons.componet.provider.OrderProvider - send-success:{"createTime":1634625506632,"orderId":4,"orderNum":"8c557b57-7cbb-4eaf-987e-dc370fd48791"}
2021-10-19 14:38:27 [org.springframework.kafka.KafkaListenerEndpointContainer#0-4-C-1] INFO  o.s.k.l.KafkaMessageListenerContainer$ListenerConsumer - my_test_group1: Consumer stopped
2021-10-19 14:38:27 [org.springframework.kafka.KafkaListenerEndpointContainer#0-2-C-1] INFO  o.s.k.l.KafkaMessageListenerContainer$ListenerConsumer - my_test_group1: Consumer stopped
2021-10-19 14:38:27 [org.springframework.kafka.KafkaListenerEndpointContainer#0-1-C-1] INFO  o.s.k.l.KafkaMessageListenerContainer$ListenerConsumer - my_test_group1: Consumer stopped
2021-10-19 14:38:27 [org.springframework.kafka.KafkaListenerEndpointContainer#0-0-C-1] INFO  o.s.k.l.KafkaMessageListenerContainer$ListenerConsumer - my_test_group1: Consumer stopped
2021-10-19 14:38:27 [org.springframework.kafka.KafkaListenerEndpointContainer#0-3-C-1] INFO  o.s.k.l.KafkaMessageListenerContainer$ListenerConsumer - my_test_group1: Consumer stopped
2021-10-19 14:38:27 [SpringContextShutdownHook] INFO  org.apache.kafka.clients.producer.KafkaProducer - [Producer clientId=producer-1] Closing the Kafka producer with timeoutMillis = 30000 ms.
