2021-04-22 15:40:19 [background-preinit] INFO  org.hibernate.validator.internal.util.Version - HV000001: Hibernate Validator 6.0.21.Final
2021-04-22 15:40:19 [main] INFO  com.example.admin.AdminApplication - Starting AdminApplication on appledeMacBook-Pro.local with PID 12781 (/Users/apple/IdeaProjects/idss/demo/admin/target/classes started by apple in /Users/apple/IdeaProjects/idss/demo)
2021-04-22 15:40:19 [main] INFO  com.example.admin.AdminApplication - The following profiles are active: offline
2021-04-22 15:40:19 [main] WARN  org.mybatis.spring.mapper.ClassPathMapperScanner - Skipping MapperFactoryBean with name 'dataDictMapper' and 'com.example.mybatisplus.mapper.DataDictMapper' mapperInterface. Bean already defined with the same name!
2021-04-22 15:40:19 [main] WARN  org.mybatis.spring.mapper.ClassPathMapperScanner - Skipping MapperFactoryBean with name 'studentMapper' and 'com.example.mybatisplus.mapper.StudentMapper' mapperInterface. Bean already defined with the same name!
2021-04-22 15:40:19 [main] WARN  org.mybatis.spring.mapper.ClassPathMapperScanner - Skipping MapperFactoryBean with name 'sysDeptMapper' and 'com.example.mybatisplus.mapper.SysDeptMapper' mapperInterface. Bean already defined with the same name!
2021-04-22 15:40:19 [main] WARN  org.mybatis.spring.mapper.ClassPathMapperScanner - Skipping MapperFactoryBean with name 'sysRoleMapper' and 'com.example.mybatisplus.mapper.SysRoleMapper' mapperInterface. Bean already defined with the same name!
2021-04-22 15:40:19 [main] WARN  org.mybatis.spring.mapper.ClassPathMapperScanner - Skipping MapperFactoryBean with name 'sysUserMapper' and 'com.example.mybatisplus.mapper.SysUserMapper' mapperInterface. Bean already defined with the same name!
2021-04-22 15:40:19 [main] WARN  org.mybatis.spring.mapper.ClassPathMapperScanner - Skipping MapperFactoryBean with name 'userMapper' and 'com.example.mybatisplus.mapper.UserMapper' mapperInterface. Bean already defined with the same name!
2021-04-22 15:40:19 [main] WARN  org.mybatis.spring.mapper.ClassPathMapperScanner - No MyBatis mapper was found in '[com.example.mybatisplus.mapper]' package. Please check your configuration.
2021-04-22 15:40:20 [main] INFO  o.s.d.r.config.RepositoryConfigurationDelegate - Multiple Spring Data modules found, entering strict repository configuration mode!
2021-04-22 15:40:20 [main] INFO  o.s.d.r.config.RepositoryConfigurationDelegate - Bootstrapping Spring Data Redis repositories in DEFAULT mode.
2021-04-22 15:40:20 [main] INFO  o.s.d.r.config.RepositoryConfigurationDelegate - Finished Spring Data repository scanning in 29ms. Found 0 Redis repository interfaces.
2021-04-22 15:40:20 [main] INFO  o.s.c.s.PostProcessorRegistrationDelegate$BeanPostProcessorChecker - Bean 'aopAccessLoggerSupportAutoConfiguration' of type [com.example.admin.commons.config.AopAccessLoggerSupportAutoConfiguration$$EnhancerBySpringCGLIB$$895fac26] is not eligible for getting processed by all BeanPostProcessors (for example: not eligible for auto-proxying)
2021-04-22 15:40:20 [main] INFO  o.s.c.s.PostProcessorRegistrationDelegate$BeanPostProcessorChecker - Bean 'aopAccessLoggerSupport' of type [com.example.admin.commons.aop.AopAccessLoggerSupport] is not eligible for getting processed by all BeanPostProcessors (for example: not eligible for auto-proxying)
2021-04-22 15:40:21 [main] INFO  o.s.boot.web.embedded.tomcat.TomcatWebServer - Tomcat initialized with port(s): 8081 (http)
2021-04-22 15:40:21 [main] INFO  org.apache.coyote.http11.Http11NioProtocol - Initializing ProtocolHandler ["http-nio-8081"]
2021-04-22 15:40:21 [main] INFO  org.apache.catalina.core.StandardService - Starting service [Tomcat]
2021-04-22 15:40:21 [main] INFO  org.apache.catalina.core.StandardEngine - Starting Servlet engine: [Apache Tomcat/9.0.39]
2021-04-22 15:40:21 [main] INFO  o.a.c.c.ContainerBase.[Tomcat].[localhost].[/girl] - Initializing Spring embedded WebApplicationContext
2021-04-22 15:40:21 [main] INFO  o.s.b.w.s.c.ServletWebServerApplicationContext - Root WebApplicationContext: initialization completed in 1991 ms
2021-04-22 15:40:21 [main] INFO  com.alibaba.druid.pool.DruidDataSource - {dataSource-1} inited
2021-04-22 15:40:22 [main] INFO  c.e.admin.commons.config.LoggerTaskExecutorConfig - loggerTaskExecutor.coreSize:16
2021-04-22 15:40:22 [main] INFO  o.s.b.a.s.s.UserDetailsServiceAutoConfiguration - 

Using generated security password: e24414b4-0132-43a9-8308-930595c517a1

2021-04-22 15:40:22 [main] INFO  o.s.security.web.DefaultSecurityFilterChain - Creating filter chain: any request, [org.springframework.security.web.context.request.async.WebAsyncManagerIntegrationFilter@3ef0e576, org.springframework.security.web.context.SecurityContextPersistenceFilter@2086d469, org.springframework.security.web.header.HeaderWriterFilter@273aaab7, org.springframework.security.web.csrf.CsrfFilter@20864cd1, org.springframework.security.web.authentication.logout.LogoutFilter@782cc5fa, org.springframework.security.web.authentication.UsernamePasswordAuthenticationFilter@2dd3d39d, org.springframework.security.web.authentication.ui.DefaultLoginPageGeneratingFilter@3e753289, org.springframework.security.web.authentication.ui.DefaultLogoutPageGeneratingFilter@da34eb0, org.springframework.security.web.savedrequest.RequestCacheAwareFilter@17c53dfb, org.springframework.security.web.servletapi.SecurityContextHolderAwareRequestFilter@41d20f06, org.springframework.security.web.authentication.AnonymousAuthenticationFilter@785a4557, org.springframework.security.web.session.SessionManagementFilter@5a48d186, org.springframework.security.web.access.ExceptionTranslationFilter@7adae08e]
2021-04-22 15:40:23 [main] INFO  io.searchbox.client.AbstractJestClient - Setting server pool to a list of 1 servers: [http://172.16.0.63:29200]
2021-04-22 15:40:23 [main] INFO  io.searchbox.client.JestClientFactory - Using multi thread/connection supporting pooling connection manager
2021-04-22 15:40:23 [main] INFO  io.searchbox.client.JestClientFactory - Using custom GSON instance
2021-04-22 15:40:23 [main] INFO  io.searchbox.client.JestClientFactory - Node Discovery disabled...
2021-04-22 15:40:23 [main] INFO  io.searchbox.client.JestClientFactory - Idle connection reaping disabled...
2021-04-22 15:40:23 [main] INFO  org.apache.kafka.clients.consumer.ConsumerConfig - ConsumerConfig values: 
	allow.auto.create.topics = true
	auto.commit.interval.ms = 100
	auto.offset.reset = earliest
	bootstrap.servers = [172.16.0.63:29200]
	check.crcs = true
	client.dns.lookup = default
	client.id = 
	client.rack = 
	connections.max.idle.ms = 540000
	default.api.timeout.ms = 60000
	enable.auto.commit = true
	exclude.internal.topics = true
	fetch.max.bytes = 52428800
	fetch.max.wait.ms = 500
	fetch.min.bytes = 1
	group.id = my_test_group
	group.instance.id = null
	heartbeat.interval.ms = 3000
	interceptor.classes = []
	internal.leave.group.on.close = true
	isolation.level = read_uncommitted
	key.deserializer = class org.apache.kafka.common.serialization.StringDeserializer
	max.partition.fetch.bytes = 1048576
	max.poll.interval.ms = 300000
	max.poll.records = 500
	metadata.max.age.ms = 300000
	metric.reporters = []
	metrics.num.samples = 2
	metrics.recording.level = INFO
	metrics.sample.window.ms = 30000
	partition.assignment.strategy = [class org.apache.kafka.clients.consumer.RangeAssignor]
	receive.buffer.bytes = 65536
	reconnect.backoff.max.ms = 1000
	reconnect.backoff.ms = 50
	request.timeout.ms = 30000
	retry.backoff.ms = 100
	sasl.client.callback.handler.class = null
	sasl.jaas.config = null
	sasl.kerberos.kinit.cmd = /usr/bin/kinit
	sasl.kerberos.min.time.before.relogin = 60000
	sasl.kerberos.service.name = null
	sasl.kerberos.ticket.renew.jitter = 0.05
	sasl.kerberos.ticket.renew.window.factor = 0.8
	sasl.login.callback.handler.class = null
	sasl.login.class = null
	sasl.login.refresh.buffer.seconds = 300
	sasl.login.refresh.min.period.seconds = 60
	sasl.login.refresh.window.factor = 0.8
	sasl.login.refresh.window.jitter = 0.05
	sasl.mechanism = GSSAPI
	security.protocol = PLAINTEXT
	send.buffer.bytes = 131072
	session.timeout.ms = 10000
	ssl.cipher.suites = null
	ssl.enabled.protocols = [TLSv1.2, TLSv1.1, TLSv1]
	ssl.endpoint.identification.algorithm = https
	ssl.key.password = null
	ssl.keymanager.algorithm = SunX509
	ssl.keystore.location = null
	ssl.keystore.password = null
	ssl.keystore.type = JKS
	ssl.protocol = TLS
	ssl.provider = null
	ssl.secure.random.implementation = null
	ssl.trustmanager.algorithm = PKIX
	ssl.truststore.location = null
	ssl.truststore.password = null
	ssl.truststore.type = JKS
	value.deserializer = class org.apache.kafka.common.serialization.StringDeserializer

2021-04-22 15:40:24 [main] INFO  org.apache.kafka.common.utils.AppInfoParser - Kafka version: 2.3.1
2021-04-22 15:40:24 [main] INFO  org.apache.kafka.common.utils.AppInfoParser - Kafka commitId: 18a913733fb71c01
2021-04-22 15:40:24 [main] INFO  org.apache.kafka.common.utils.AppInfoParser - Kafka startTimeMs: 1619077224050
2021-04-22 15:40:24 [main] INFO  org.apache.kafka.clients.consumer.KafkaConsumer - [Consumer clientId=consumer-1, groupId=my_test_group] Subscribed to topic(s): order_test
2021-04-22 15:40:24 [main] INFO  o.s.scheduling.concurrent.ThreadPoolTaskScheduler - Initializing ExecutorService
2021-04-22 15:40:24 [main] INFO  org.apache.kafka.clients.consumer.ConsumerConfig - ConsumerConfig values: 
	allow.auto.create.topics = true
	auto.commit.interval.ms = 100
	auto.offset.reset = earliest
	bootstrap.servers = [172.16.0.63:29200]
	check.crcs = true
	client.dns.lookup = default
	client.id = 
	client.rack = 
	connections.max.idle.ms = 540000
	default.api.timeout.ms = 60000
	enable.auto.commit = true
	exclude.internal.topics = true
	fetch.max.bytes = 52428800
	fetch.max.wait.ms = 500
	fetch.min.bytes = 1
	group.id = my_test_group
	group.instance.id = null
	heartbeat.interval.ms = 3000
	interceptor.classes = []
	internal.leave.group.on.close = true
	isolation.level = read_uncommitted
	key.deserializer = class org.apache.kafka.common.serialization.StringDeserializer
	max.partition.fetch.bytes = 1048576
	max.poll.interval.ms = 300000
	max.poll.records = 500
	metadata.max.age.ms = 300000
	metric.reporters = []
	metrics.num.samples = 2
	metrics.recording.level = INFO
	metrics.sample.window.ms = 30000
	partition.assignment.strategy = [class org.apache.kafka.clients.consumer.RangeAssignor]
	receive.buffer.bytes = 65536
	reconnect.backoff.max.ms = 1000
	reconnect.backoff.ms = 50
	request.timeout.ms = 30000
	retry.backoff.ms = 100
	sasl.client.callback.handler.class = null
	sasl.jaas.config = null
	sasl.kerberos.kinit.cmd = /usr/bin/kinit
	sasl.kerberos.min.time.before.relogin = 60000
	sasl.kerberos.service.name = null
	sasl.kerberos.ticket.renew.jitter = 0.05
	sasl.kerberos.ticket.renew.window.factor = 0.8
	sasl.login.callback.handler.class = null
	sasl.login.class = null
	sasl.login.refresh.buffer.seconds = 300
	sasl.login.refresh.min.period.seconds = 60
	sasl.login.refresh.window.factor = 0.8
	sasl.login.refresh.window.jitter = 0.05
	sasl.mechanism = GSSAPI
	security.protocol = PLAINTEXT
	send.buffer.bytes = 131072
	session.timeout.ms = 10000
	ssl.cipher.suites = null
	ssl.enabled.protocols = [TLSv1.2, TLSv1.1, TLSv1]
	ssl.endpoint.identification.algorithm = https
	ssl.key.password = null
	ssl.keymanager.algorithm = SunX509
	ssl.keystore.location = null
	ssl.keystore.password = null
	ssl.keystore.type = JKS
	ssl.protocol = TLS
	ssl.provider = null
	ssl.secure.random.implementation = null
	ssl.trustmanager.algorithm = PKIX
	ssl.truststore.location = null
	ssl.truststore.password = null
	ssl.truststore.type = JKS
	value.deserializer = class org.apache.kafka.common.serialization.StringDeserializer

2021-04-22 15:40:24 [main] INFO  org.apache.kafka.common.utils.AppInfoParser - Kafka version: 2.3.1
2021-04-22 15:40:24 [main] INFO  org.apache.kafka.common.utils.AppInfoParser - Kafka commitId: 18a913733fb71c01
2021-04-22 15:40:24 [main] INFO  org.apache.kafka.common.utils.AppInfoParser - Kafka startTimeMs: 1619077224067
2021-04-22 15:40:24 [main] INFO  org.apache.kafka.clients.consumer.KafkaConsumer - [Consumer clientId=consumer-2, groupId=my_test_group] Subscribed to topic(s): order_test
2021-04-22 15:40:24 [main] INFO  o.s.scheduling.concurrent.ThreadPoolTaskScheduler - Initializing ExecutorService
2021-04-22 15:40:24 [main] INFO  org.apache.kafka.clients.consumer.ConsumerConfig - ConsumerConfig values: 
	allow.auto.create.topics = true
	auto.commit.interval.ms = 100
	auto.offset.reset = earliest
	bootstrap.servers = [172.16.0.63:29200]
	check.crcs = true
	client.dns.lookup = default
	client.id = 
	client.rack = 
	connections.max.idle.ms = 540000
	default.api.timeout.ms = 60000
	enable.auto.commit = true
	exclude.internal.topics = true
	fetch.max.bytes = 52428800
	fetch.max.wait.ms = 500
	fetch.min.bytes = 1
	group.id = my_test_group
	group.instance.id = null
	heartbeat.interval.ms = 3000
	interceptor.classes = []
	internal.leave.group.on.close = true
	isolation.level = read_uncommitted
	key.deserializer = class org.apache.kafka.common.serialization.StringDeserializer
	max.partition.fetch.bytes = 1048576
	max.poll.interval.ms = 300000
	max.poll.records = 500
	metadata.max.age.ms = 300000
	metric.reporters = []
	metrics.num.samples = 2
	metrics.recording.level = INFO
	metrics.sample.window.ms = 30000
	partition.assignment.strategy = [class org.apache.kafka.clients.consumer.RangeAssignor]
	receive.buffer.bytes = 65536
	reconnect.backoff.max.ms = 1000
	reconnect.backoff.ms = 50
	request.timeout.ms = 30000
	retry.backoff.ms = 100
	sasl.client.callback.handler.class = null
	sasl.jaas.config = null
	sasl.kerberos.kinit.cmd = /usr/bin/kinit
	sasl.kerberos.min.time.before.relogin = 60000
	sasl.kerberos.service.name = null
	sasl.kerberos.ticket.renew.jitter = 0.05
	sasl.kerberos.ticket.renew.window.factor = 0.8
	sasl.login.callback.handler.class = null
	sasl.login.class = null
	sasl.login.refresh.buffer.seconds = 300
	sasl.login.refresh.min.period.seconds = 60
	sasl.login.refresh.window.factor = 0.8
	sasl.login.refresh.window.jitter = 0.05
	sasl.mechanism = GSSAPI
	security.protocol = PLAINTEXT
	send.buffer.bytes = 131072
	session.timeout.ms = 10000
	ssl.cipher.suites = null
	ssl.enabled.protocols = [TLSv1.2, TLSv1.1, TLSv1]
	ssl.endpoint.identification.algorithm = https
	ssl.key.password = null
	ssl.keymanager.algorithm = SunX509
	ssl.keystore.location = null
	ssl.keystore.password = null
	ssl.keystore.type = JKS
	ssl.protocol = TLS
	ssl.provider = null
	ssl.secure.random.implementation = null
	ssl.trustmanager.algorithm = PKIX
	ssl.truststore.location = null
	ssl.truststore.password = null
	ssl.truststore.type = JKS
	value.deserializer = class org.apache.kafka.common.serialization.StringDeserializer

2021-04-22 15:40:24 [main] INFO  org.apache.kafka.common.utils.AppInfoParser - Kafka version: 2.3.1
2021-04-22 15:40:24 [main] INFO  org.apache.kafka.common.utils.AppInfoParser - Kafka commitId: 18a913733fb71c01
2021-04-22 15:40:24 [main] INFO  org.apache.kafka.common.utils.AppInfoParser - Kafka startTimeMs: 1619077224074
2021-04-22 15:40:24 [main] INFO  org.apache.kafka.clients.consumer.KafkaConsumer - [Consumer clientId=consumer-3, groupId=my_test_group] Subscribed to topic(s): order_test
2021-04-22 15:40:24 [main] INFO  o.s.scheduling.concurrent.ThreadPoolTaskScheduler - Initializing ExecutorService
2021-04-22 15:40:24 [main] INFO  org.apache.kafka.clients.consumer.ConsumerConfig - ConsumerConfig values: 
	allow.auto.create.topics = true
	auto.commit.interval.ms = 100
	auto.offset.reset = earliest
	bootstrap.servers = [172.16.0.63:29200]
	check.crcs = true
	client.dns.lookup = default
	client.id = 
	client.rack = 
	connections.max.idle.ms = 540000
	default.api.timeout.ms = 60000
	enable.auto.commit = true
	exclude.internal.topics = true
	fetch.max.bytes = 52428800
	fetch.max.wait.ms = 500
	fetch.min.bytes = 1
	group.id = my_test_group
	group.instance.id = null
	heartbeat.interval.ms = 3000
	interceptor.classes = []
	internal.leave.group.on.close = true
	isolation.level = read_uncommitted
	key.deserializer = class org.apache.kafka.common.serialization.StringDeserializer
	max.partition.fetch.bytes = 1048576
	max.poll.interval.ms = 300000
	max.poll.records = 500
	metadata.max.age.ms = 300000
	metric.reporters = []
	metrics.num.samples = 2
	metrics.recording.level = INFO
	metrics.sample.window.ms = 30000
	partition.assignment.strategy = [class org.apache.kafka.clients.consumer.RangeAssignor]
	receive.buffer.bytes = 65536
	reconnect.backoff.max.ms = 1000
	reconnect.backoff.ms = 50
	request.timeout.ms = 30000
	retry.backoff.ms = 100
	sasl.client.callback.handler.class = null
	sasl.jaas.config = null
	sasl.kerberos.kinit.cmd = /usr/bin/kinit
	sasl.kerberos.min.time.before.relogin = 60000
	sasl.kerberos.service.name = null
	sasl.kerberos.ticket.renew.jitter = 0.05
	sasl.kerberos.ticket.renew.window.factor = 0.8
	sasl.login.callback.handler.class = null
	sasl.login.class = null
	sasl.login.refresh.buffer.seconds = 300
	sasl.login.refresh.min.period.seconds = 60
	sasl.login.refresh.window.factor = 0.8
	sasl.login.refresh.window.jitter = 0.05
	sasl.mechanism = GSSAPI
	security.protocol = PLAINTEXT
	send.buffer.bytes = 131072
	session.timeout.ms = 10000
	ssl.cipher.suites = null
	ssl.enabled.protocols = [TLSv1.2, TLSv1.1, TLSv1]
	ssl.endpoint.identification.algorithm = https
	ssl.key.password = null
	ssl.keymanager.algorithm = SunX509
	ssl.keystore.location = null
	ssl.keystore.password = null
	ssl.keystore.type = JKS
	ssl.protocol = TLS
	ssl.provider = null
	ssl.secure.random.implementation = null
	ssl.trustmanager.algorithm = PKIX
	ssl.truststore.location = null
	ssl.truststore.password = null
	ssl.truststore.type = JKS
	value.deserializer = class org.apache.kafka.common.serialization.StringDeserializer

2021-04-22 15:40:24 [main] INFO  org.apache.kafka.common.utils.AppInfoParser - Kafka version: 2.3.1
2021-04-22 15:40:24 [main] INFO  org.apache.kafka.common.utils.AppInfoParser - Kafka commitId: 18a913733fb71c01
2021-04-22 15:40:24 [main] INFO  org.apache.kafka.common.utils.AppInfoParser - Kafka startTimeMs: 1619077224082
2021-04-22 15:40:24 [main] INFO  org.apache.kafka.clients.consumer.KafkaConsumer - [Consumer clientId=consumer-4, groupId=my_test_group] Subscribed to topic(s): order_test
2021-04-22 15:40:24 [main] INFO  o.s.scheduling.concurrent.ThreadPoolTaskScheduler - Initializing ExecutorService
2021-04-22 15:40:24 [main] INFO  org.apache.kafka.clients.consumer.ConsumerConfig - ConsumerConfig values: 
	allow.auto.create.topics = true
	auto.commit.interval.ms = 100
	auto.offset.reset = earliest
	bootstrap.servers = [172.16.0.63:29200]
	check.crcs = true
	client.dns.lookup = default
	client.id = 
	client.rack = 
	connections.max.idle.ms = 540000
	default.api.timeout.ms = 60000
	enable.auto.commit = true
	exclude.internal.topics = true
	fetch.max.bytes = 52428800
	fetch.max.wait.ms = 500
	fetch.min.bytes = 1
	group.id = my_test_group
	group.instance.id = null
	heartbeat.interval.ms = 3000
	interceptor.classes = []
	internal.leave.group.on.close = true
	isolation.level = read_uncommitted
	key.deserializer = class org.apache.kafka.common.serialization.StringDeserializer
	max.partition.fetch.bytes = 1048576
	max.poll.interval.ms = 300000
	max.poll.records = 500
	metadata.max.age.ms = 300000
	metric.reporters = []
	metrics.num.samples = 2
	metrics.recording.level = INFO
	metrics.sample.window.ms = 30000
	partition.assignment.strategy = [class org.apache.kafka.clients.consumer.RangeAssignor]
	receive.buffer.bytes = 65536
	reconnect.backoff.max.ms = 1000
	reconnect.backoff.ms = 50
	request.timeout.ms = 30000
	retry.backoff.ms = 100
	sasl.client.callback.handler.class = null
	sasl.jaas.config = null
	sasl.kerberos.kinit.cmd = /usr/bin/kinit
	sasl.kerberos.min.time.before.relogin = 60000
	sasl.kerberos.service.name = null
	sasl.kerberos.ticket.renew.jitter = 0.05
	sasl.kerberos.ticket.renew.window.factor = 0.8
	sasl.login.callback.handler.class = null
	sasl.login.class = null
	sasl.login.refresh.buffer.seconds = 300
	sasl.login.refresh.min.period.seconds = 60
	sasl.login.refresh.window.factor = 0.8
	sasl.login.refresh.window.jitter = 0.05
	sasl.mechanism = GSSAPI
	security.protocol = PLAINTEXT
	send.buffer.bytes = 131072
	session.timeout.ms = 10000
	ssl.cipher.suites = null
	ssl.enabled.protocols = [TLSv1.2, TLSv1.1, TLSv1]
	ssl.endpoint.identification.algorithm = https
	ssl.key.password = null
	ssl.keymanager.algorithm = SunX509
	ssl.keystore.location = null
	ssl.keystore.password = null
	ssl.keystore.type = JKS
	ssl.protocol = TLS
	ssl.provider = null
	ssl.secure.random.implementation = null
	ssl.trustmanager.algorithm = PKIX
	ssl.truststore.location = null
	ssl.truststore.password = null
	ssl.truststore.type = JKS
	value.deserializer = class org.apache.kafka.common.serialization.StringDeserializer

2021-04-22 15:40:24 [main] INFO  org.apache.kafka.common.utils.AppInfoParser - Kafka version: 2.3.1
2021-04-22 15:40:24 [main] INFO  org.apache.kafka.common.utils.AppInfoParser - Kafka commitId: 18a913733fb71c01
2021-04-22 15:40:24 [main] INFO  org.apache.kafka.common.utils.AppInfoParser - Kafka startTimeMs: 1619077224087
2021-04-22 15:40:24 [main] INFO  org.apache.kafka.clients.consumer.KafkaConsumer - [Consumer clientId=consumer-5, groupId=my_test_group] Subscribed to topic(s): order_test
2021-04-22 15:40:24 [main] INFO  o.s.scheduling.concurrent.ThreadPoolTaskScheduler - Initializing ExecutorService
2021-04-22 15:40:24 [main] INFO  org.apache.coyote.http11.Http11NioProtocol - Starting ProtocolHandler ["http-nio-8081"]
2021-04-22 15:40:24 [main] INFO  o.s.boot.web.embedded.tomcat.TomcatWebServer - Tomcat started on port(s): 8081 (http) with context path '/girl'
2021-04-22 15:40:24 [main] INFO  com.example.admin.AdminApplication - Started AdminApplication in 5.819 seconds (JVM running for 6.761)
2021-04-22 15:40:24 [main] INFO  com.example.admin.commons.componet.PermApplication - controller request url:/auth
2021-04-22 15:40:24 [main] INFO  com.example.admin.commons.componet.PermApplication - controller request url:/demo
2021-04-22 15:40:24 [main] INFO  com.example.admin.commons.componet.PermApplication - controller request url:/perm
2021-04-22 15:40:24 [main] INFO  com.example.admin.commons.componet.PermApplication - auth:perm:edit,desc:编辑
2021-04-22 15:40:24 [main] INFO  com.example.admin.commons.componet.PermApplication - url:/perm
2021-04-22 15:40:24 [main] INFO  com.example.admin.commons.componet.PermApplication - auth:perm:list,desc:查询
2021-04-22 15:40:24 [main] INFO  com.example.admin.commons.componet.PermApplication - url:/perm
2021-04-22 15:40:24 [main] INFO  com.example.admin.commons.componet.PermApplication - controller request url:/data_dict
2021-04-22 15:40:24 [main] INFO  com.example.admin.commons.componet.PermApplication - controller request url:/sys_user
2021-04-22 15:40:24 [main] INFO  com.example.admin.commons.componet.PermApplication - controller request url:/user
2021-04-22 15:41:39 [org.springframework.kafka.KafkaListenerEndpointContainer#0-2-C-1] WARN  org.apache.kafka.clients.NetworkClient - [Consumer clientId=consumer-3, groupId=my_test_group] Connection to node -1 (/172.16.0.63:29200) could not be established. Broker may not be available.
2021-04-22 15:41:39 [org.springframework.kafka.KafkaListenerEndpointContainer#0-1-C-1] WARN  org.apache.kafka.clients.NetworkClient - [Consumer clientId=consumer-2, groupId=my_test_group] Connection to node -1 (/172.16.0.63:29200) could not be established. Broker may not be available.
2021-04-22 15:41:39 [org.springframework.kafka.KafkaListenerEndpointContainer#0-3-C-1] WARN  org.apache.kafka.clients.NetworkClient - [Consumer clientId=consumer-4, groupId=my_test_group] Connection to node -1 (/172.16.0.63:29200) could not be established. Broker may not be available.
2021-04-22 15:41:39 [org.springframework.kafka.KafkaListenerEndpointContainer#0-4-C-1] WARN  org.apache.kafka.clients.NetworkClient - [Consumer clientId=consumer-5, groupId=my_test_group] Connection to node -1 (/172.16.0.63:29200) could not be established. Broker may not be available.
2021-04-22 15:41:39 [org.springframework.kafka.KafkaListenerEndpointContainer#0-0-C-1] WARN  org.apache.kafka.clients.NetworkClient - [Consumer clientId=consumer-1, groupId=my_test_group] Connection to node -1 (/172.16.0.63:29200) could not be established. Broker may not be available.
2021-04-22 15:41:56 [org.springframework.kafka.KafkaListenerEndpointContainer#0-3-C-1] INFO  org.apache.kafka.clients.consumer.KafkaConsumer - [Consumer clientId=consumer-4, groupId=my_test_group] Unsubscribed all topics or patterns and assigned partitions
2021-04-22 15:41:56 [org.springframework.kafka.KafkaListenerEndpointContainer#0-1-C-1] INFO  org.apache.kafka.clients.consumer.KafkaConsumer - [Consumer clientId=consumer-2, groupId=my_test_group] Unsubscribed all topics or patterns and assigned partitions
2021-04-22 15:41:56 [org.springframework.kafka.KafkaListenerEndpointContainer#0-2-C-1] INFO  org.apache.kafka.clients.consumer.KafkaConsumer - [Consumer clientId=consumer-3, groupId=my_test_group] Unsubscribed all topics or patterns and assigned partitions
2021-04-22 15:41:56 [org.springframework.kafka.KafkaListenerEndpointContainer#0-0-C-1] INFO  org.apache.kafka.clients.consumer.KafkaConsumer - [Consumer clientId=consumer-1, groupId=my_test_group] Unsubscribed all topics or patterns and assigned partitions
2021-04-22 15:41:56 [org.springframework.kafka.KafkaListenerEndpointContainer#0-1-C-1] INFO  o.s.scheduling.concurrent.ThreadPoolTaskScheduler - Shutting down ExecutorService
2021-04-22 15:41:56 [org.springframework.kafka.KafkaListenerEndpointContainer#0-2-C-1] INFO  o.s.scheduling.concurrent.ThreadPoolTaskScheduler - Shutting down ExecutorService
2021-04-22 15:41:56 [org.springframework.kafka.KafkaListenerEndpointContainer#0-4-C-1] INFO  org.apache.kafka.clients.consumer.KafkaConsumer - [Consumer clientId=consumer-5, groupId=my_test_group] Unsubscribed all topics or patterns and assigned partitions
2021-04-22 15:41:56 [org.springframework.kafka.KafkaListenerEndpointContainer#0-3-C-1] INFO  o.s.scheduling.concurrent.ThreadPoolTaskScheduler - Shutting down ExecutorService
2021-04-22 15:41:56 [org.springframework.kafka.KafkaListenerEndpointContainer#0-0-C-1] INFO  o.s.scheduling.concurrent.ThreadPoolTaskScheduler - Shutting down ExecutorService
2021-04-22 15:41:56 [org.springframework.kafka.KafkaListenerEndpointContainer#0-4-C-1] INFO  o.s.scheduling.concurrent.ThreadPoolTaskScheduler - Shutting down ExecutorService
2021-04-22 15:41:56 [org.springframework.kafka.KafkaListenerEndpointContainer#0-2-C-1] INFO  o.s.k.l.KafkaMessageListenerContainer$ListenerConsumer - my_test_group: Consumer stopped
2021-04-22 15:41:56 [org.springframework.kafka.KafkaListenerEndpointContainer#0-4-C-1] INFO  o.s.k.l.KafkaMessageListenerContainer$ListenerConsumer - my_test_group: Consumer stopped
2021-04-22 15:41:56 [org.springframework.kafka.KafkaListenerEndpointContainer#0-3-C-1] INFO  o.s.k.l.KafkaMessageListenerContainer$ListenerConsumer - my_test_group: Consumer stopped
2021-04-22 15:41:56 [org.springframework.kafka.KafkaListenerEndpointContainer#0-1-C-1] INFO  o.s.k.l.KafkaMessageListenerContainer$ListenerConsumer - my_test_group: Consumer stopped
2021-04-22 15:41:56 [org.springframework.kafka.KafkaListenerEndpointContainer#0-0-C-1] INFO  o.s.k.l.KafkaMessageListenerContainer$ListenerConsumer - my_test_group: Consumer stopped
2021-04-22 15:41:56 [SpringContextShutdownHook] INFO  com.alibaba.druid.pool.DruidDataSource - {dataSource-1} closing ...
2021-04-22 15:41:56 [SpringContextShutdownHook] INFO  com.alibaba.druid.pool.DruidDataSource - {dataSource-1} closed
2021-04-22 15:42:00 [background-preinit] INFO  org.hibernate.validator.internal.util.Version - HV000001: Hibernate Validator 6.0.21.Final
2021-04-22 15:42:00 [main] INFO  com.example.admin.AdminApplication - Starting AdminApplication on appledeMacBook-Pro.local with PID 12852 (/Users/apple/IdeaProjects/idss/demo/admin/target/classes started by apple in /Users/apple/IdeaProjects/idss/demo)
2021-04-22 15:42:00 [main] INFO  com.example.admin.AdminApplication - The following profiles are active: offline
2021-04-22 15:42:01 [main] WARN  org.mybatis.spring.mapper.ClassPathMapperScanner - Skipping MapperFactoryBean with name 'dataDictMapper' and 'com.example.mybatisplus.mapper.DataDictMapper' mapperInterface. Bean already defined with the same name!
2021-04-22 15:42:01 [main] WARN  org.mybatis.spring.mapper.ClassPathMapperScanner - Skipping MapperFactoryBean with name 'studentMapper' and 'com.example.mybatisplus.mapper.StudentMapper' mapperInterface. Bean already defined with the same name!
2021-04-22 15:42:01 [main] WARN  org.mybatis.spring.mapper.ClassPathMapperScanner - Skipping MapperFactoryBean with name 'sysDeptMapper' and 'com.example.mybatisplus.mapper.SysDeptMapper' mapperInterface. Bean already defined with the same name!
2021-04-22 15:42:01 [main] WARN  org.mybatis.spring.mapper.ClassPathMapperScanner - Skipping MapperFactoryBean with name 'sysRoleMapper' and 'com.example.mybatisplus.mapper.SysRoleMapper' mapperInterface. Bean already defined with the same name!
2021-04-22 15:42:01 [main] WARN  org.mybatis.spring.mapper.ClassPathMapperScanner - Skipping MapperFactoryBean with name 'sysUserMapper' and 'com.example.mybatisplus.mapper.SysUserMapper' mapperInterface. Bean already defined with the same name!
2021-04-22 15:42:01 [main] WARN  org.mybatis.spring.mapper.ClassPathMapperScanner - Skipping MapperFactoryBean with name 'userMapper' and 'com.example.mybatisplus.mapper.UserMapper' mapperInterface. Bean already defined with the same name!
2021-04-22 15:42:01 [main] WARN  org.mybatis.spring.mapper.ClassPathMapperScanner - No MyBatis mapper was found in '[com.example.mybatisplus.mapper]' package. Please check your configuration.
2021-04-22 15:42:01 [main] INFO  o.s.d.r.config.RepositoryConfigurationDelegate - Multiple Spring Data modules found, entering strict repository configuration mode!
2021-04-22 15:42:01 [main] INFO  o.s.d.r.config.RepositoryConfigurationDelegate - Bootstrapping Spring Data Redis repositories in DEFAULT mode.
2021-04-22 15:42:01 [main] INFO  o.s.d.r.config.RepositoryConfigurationDelegate - Finished Spring Data repository scanning in 27ms. Found 0 Redis repository interfaces.
2021-04-22 15:42:02 [main] INFO  o.s.c.s.PostProcessorRegistrationDelegate$BeanPostProcessorChecker - Bean 'aopAccessLoggerSupportAutoConfiguration' of type [com.example.admin.commons.config.AopAccessLoggerSupportAutoConfiguration$$EnhancerBySpringCGLIB$$61d23214] is not eligible for getting processed by all BeanPostProcessors (for example: not eligible for auto-proxying)
2021-04-22 15:42:02 [main] INFO  o.s.c.s.PostProcessorRegistrationDelegate$BeanPostProcessorChecker - Bean 'aopAccessLoggerSupport' of type [com.example.admin.commons.aop.AopAccessLoggerSupport] is not eligible for getting processed by all BeanPostProcessors (for example: not eligible for auto-proxying)
2021-04-22 15:42:02 [main] INFO  o.s.boot.web.embedded.tomcat.TomcatWebServer - Tomcat initialized with port(s): 8081 (http)
2021-04-22 15:42:02 [main] INFO  org.apache.coyote.http11.Http11NioProtocol - Initializing ProtocolHandler ["http-nio-8081"]
2021-04-22 15:42:02 [main] INFO  org.apache.catalina.core.StandardService - Starting service [Tomcat]
2021-04-22 15:42:02 [main] INFO  org.apache.catalina.core.StandardEngine - Starting Servlet engine: [Apache Tomcat/9.0.39]
2021-04-22 15:42:02 [main] INFO  o.a.c.c.ContainerBase.[Tomcat].[localhost].[/girl] - Initializing Spring embedded WebApplicationContext
2021-04-22 15:42:02 [main] INFO  o.s.b.w.s.c.ServletWebServerApplicationContext - Root WebApplicationContext: initialization completed in 1921 ms
2021-04-22 15:42:03 [main] INFO  com.alibaba.druid.pool.DruidDataSource - {dataSource-1} inited
2021-04-22 15:42:04 [main] INFO  c.e.admin.commons.config.LoggerTaskExecutorConfig - loggerTaskExecutor.coreSize:16
2021-04-22 15:42:04 [main] INFO  o.s.b.a.s.s.UserDetailsServiceAutoConfiguration - 

Using generated security password: a4c84565-e2f3-4165-925d-cccfdf4e181e

2021-04-22 15:42:04 [main] INFO  o.s.security.web.DefaultSecurityFilterChain - Creating filter chain: any request, [org.springframework.security.web.context.request.async.WebAsyncManagerIntegrationFilter@2a7bc16b, org.springframework.security.web.context.SecurityContextPersistenceFilter@674184d, org.springframework.security.web.header.HeaderWriterFilter@d49e8c6, org.springframework.security.web.csrf.CsrfFilter@ee2ae9a, org.springframework.security.web.authentication.logout.LogoutFilter@333d44f6, org.springframework.security.web.authentication.UsernamePasswordAuthenticationFilter@350bbd5d, org.springframework.security.web.authentication.ui.DefaultLoginPageGeneratingFilter@15d88c10, org.springframework.security.web.authentication.ui.DefaultLogoutPageGeneratingFilter@1186374c, org.springframework.security.web.savedrequest.RequestCacheAwareFilter@5835e24a, org.springframework.security.web.servletapi.SecurityContextHolderAwareRequestFilter@6f986501, org.springframework.security.web.authentication.AnonymousAuthenticationFilter@42cc5460, org.springframework.security.web.session.SessionManagementFilter@5896cb9c, org.springframework.security.web.access.ExceptionTranslationFilter@149d7cc6]
2021-04-22 15:42:04 [main] INFO  io.searchbox.client.AbstractJestClient - Setting server pool to a list of 1 servers: [http://172.16.0.63:29200]
2021-04-22 15:42:04 [main] INFO  io.searchbox.client.JestClientFactory - Using multi thread/connection supporting pooling connection manager
2021-04-22 15:42:05 [main] INFO  io.searchbox.client.JestClientFactory - Using custom GSON instance
2021-04-22 15:42:05 [main] INFO  io.searchbox.client.JestClientFactory - Node Discovery disabled...
2021-04-22 15:42:05 [main] INFO  io.searchbox.client.JestClientFactory - Idle connection reaping disabled...
2021-04-22 15:42:05 [main] INFO  org.apache.kafka.clients.consumer.ConsumerConfig - ConsumerConfig values: 
	allow.auto.create.topics = true
	auto.commit.interval.ms = 100
	auto.offset.reset = earliest
	bootstrap.servers = [172.16.0.63:29200]
	check.crcs = true
	client.dns.lookup = default
	client.id = 
	client.rack = 
	connections.max.idle.ms = 540000
	default.api.timeout.ms = 60000
	enable.auto.commit = true
	exclude.internal.topics = true
	fetch.max.bytes = 52428800
	fetch.max.wait.ms = 500
	fetch.min.bytes = 1
	group.id = my_test_group
	group.instance.id = null
	heartbeat.interval.ms = 3000
	interceptor.classes = []
	internal.leave.group.on.close = true
	isolation.level = read_uncommitted
	key.deserializer = class org.apache.kafka.common.serialization.StringDeserializer
	max.partition.fetch.bytes = 1048576
	max.poll.interval.ms = 300000
	max.poll.records = 500
	metadata.max.age.ms = 300000
	metric.reporters = []
	metrics.num.samples = 2
	metrics.recording.level = INFO
	metrics.sample.window.ms = 30000
	partition.assignment.strategy = [class org.apache.kafka.clients.consumer.RangeAssignor]
	receive.buffer.bytes = 65536
	reconnect.backoff.max.ms = 1000
	reconnect.backoff.ms = 50
	request.timeout.ms = 30000
	retry.backoff.ms = 100
	sasl.client.callback.handler.class = null
	sasl.jaas.config = null
	sasl.kerberos.kinit.cmd = /usr/bin/kinit
	sasl.kerberos.min.time.before.relogin = 60000
	sasl.kerberos.service.name = null
	sasl.kerberos.ticket.renew.jitter = 0.05
	sasl.kerberos.ticket.renew.window.factor = 0.8
	sasl.login.callback.handler.class = null
	sasl.login.class = null
	sasl.login.refresh.buffer.seconds = 300
	sasl.login.refresh.min.period.seconds = 60
	sasl.login.refresh.window.factor = 0.8
	sasl.login.refresh.window.jitter = 0.05
	sasl.mechanism = GSSAPI
	security.protocol = PLAINTEXT
	send.buffer.bytes = 131072
	session.timeout.ms = 10000
	ssl.cipher.suites = null
	ssl.enabled.protocols = [TLSv1.2, TLSv1.1, TLSv1]
	ssl.endpoint.identification.algorithm = https
	ssl.key.password = null
	ssl.keymanager.algorithm = SunX509
	ssl.keystore.location = null
	ssl.keystore.password = null
	ssl.keystore.type = JKS
	ssl.protocol = TLS
	ssl.provider = null
	ssl.secure.random.implementation = null
	ssl.trustmanager.algorithm = PKIX
	ssl.truststore.location = null
	ssl.truststore.password = null
	ssl.truststore.type = JKS
	value.deserializer = class org.apache.kafka.common.serialization.StringDeserializer

2021-04-22 15:42:05 [main] INFO  org.apache.kafka.common.utils.AppInfoParser - Kafka version: 2.3.1
2021-04-22 15:42:05 [main] INFO  org.apache.kafka.common.utils.AppInfoParser - Kafka commitId: 18a913733fb71c01
2021-04-22 15:42:05 [main] INFO  org.apache.kafka.common.utils.AppInfoParser - Kafka startTimeMs: 1619077325338
2021-04-22 15:42:05 [main] INFO  org.apache.kafka.clients.consumer.KafkaConsumer - [Consumer clientId=consumer-1, groupId=my_test_group] Subscribed to topic(s): order_test
2021-04-22 15:42:05 [main] INFO  o.s.scheduling.concurrent.ThreadPoolTaskScheduler - Initializing ExecutorService
2021-04-22 15:42:05 [main] INFO  org.apache.kafka.clients.consumer.ConsumerConfig - ConsumerConfig values: 
	allow.auto.create.topics = true
	auto.commit.interval.ms = 100
	auto.offset.reset = earliest
	bootstrap.servers = [172.16.0.63:29200]
	check.crcs = true
	client.dns.lookup = default
	client.id = 
	client.rack = 
	connections.max.idle.ms = 540000
	default.api.timeout.ms = 60000
	enable.auto.commit = true
	exclude.internal.topics = true
	fetch.max.bytes = 52428800
	fetch.max.wait.ms = 500
	fetch.min.bytes = 1
	group.id = my_test_group
	group.instance.id = null
	heartbeat.interval.ms = 3000
	interceptor.classes = []
	internal.leave.group.on.close = true
	isolation.level = read_uncommitted
	key.deserializer = class org.apache.kafka.common.serialization.StringDeserializer
	max.partition.fetch.bytes = 1048576
	max.poll.interval.ms = 300000
	max.poll.records = 500
	metadata.max.age.ms = 300000
	metric.reporters = []
	metrics.num.samples = 2
	metrics.recording.level = INFO
	metrics.sample.window.ms = 30000
	partition.assignment.strategy = [class org.apache.kafka.clients.consumer.RangeAssignor]
	receive.buffer.bytes = 65536
	reconnect.backoff.max.ms = 1000
	reconnect.backoff.ms = 50
	request.timeout.ms = 30000
	retry.backoff.ms = 100
	sasl.client.callback.handler.class = null
	sasl.jaas.config = null
	sasl.kerberos.kinit.cmd = /usr/bin/kinit
	sasl.kerberos.min.time.before.relogin = 60000
	sasl.kerberos.service.name = null
	sasl.kerberos.ticket.renew.jitter = 0.05
	sasl.kerberos.ticket.renew.window.factor = 0.8
	sasl.login.callback.handler.class = null
	sasl.login.class = null
	sasl.login.refresh.buffer.seconds = 300
	sasl.login.refresh.min.period.seconds = 60
	sasl.login.refresh.window.factor = 0.8
	sasl.login.refresh.window.jitter = 0.05
	sasl.mechanism = GSSAPI
	security.protocol = PLAINTEXT
	send.buffer.bytes = 131072
	session.timeout.ms = 10000
	ssl.cipher.suites = null
	ssl.enabled.protocols = [TLSv1.2, TLSv1.1, TLSv1]
	ssl.endpoint.identification.algorithm = https
	ssl.key.password = null
	ssl.keymanager.algorithm = SunX509
	ssl.keystore.location = null
	ssl.keystore.password = null
	ssl.keystore.type = JKS
	ssl.protocol = TLS
	ssl.provider = null
	ssl.secure.random.implementation = null
	ssl.trustmanager.algorithm = PKIX
	ssl.truststore.location = null
	ssl.truststore.password = null
	ssl.truststore.type = JKS
	value.deserializer = class org.apache.kafka.common.serialization.StringDeserializer

2021-04-22 15:42:05 [main] INFO  org.apache.kafka.common.utils.AppInfoParser - Kafka version: 2.3.1
2021-04-22 15:42:05 [main] INFO  org.apache.kafka.common.utils.AppInfoParser - Kafka commitId: 18a913733fb71c01
2021-04-22 15:42:05 [main] INFO  org.apache.kafka.common.utils.AppInfoParser - Kafka startTimeMs: 1619077325353
2021-04-22 15:42:05 [main] INFO  org.apache.kafka.clients.consumer.KafkaConsumer - [Consumer clientId=consumer-2, groupId=my_test_group] Subscribed to topic(s): order_test
2021-04-22 15:42:05 [main] INFO  o.s.scheduling.concurrent.ThreadPoolTaskScheduler - Initializing ExecutorService
2021-04-22 15:42:05 [main] INFO  org.apache.kafka.clients.consumer.ConsumerConfig - ConsumerConfig values: 
	allow.auto.create.topics = true
	auto.commit.interval.ms = 100
	auto.offset.reset = earliest
	bootstrap.servers = [172.16.0.63:29200]
	check.crcs = true
	client.dns.lookup = default
	client.id = 
	client.rack = 
	connections.max.idle.ms = 540000
	default.api.timeout.ms = 60000
	enable.auto.commit = true
	exclude.internal.topics = true
	fetch.max.bytes = 52428800
	fetch.max.wait.ms = 500
	fetch.min.bytes = 1
	group.id = my_test_group
	group.instance.id = null
	heartbeat.interval.ms = 3000
	interceptor.classes = []
	internal.leave.group.on.close = true
	isolation.level = read_uncommitted
	key.deserializer = class org.apache.kafka.common.serialization.StringDeserializer
	max.partition.fetch.bytes = 1048576
	max.poll.interval.ms = 300000
	max.poll.records = 500
	metadata.max.age.ms = 300000
	metric.reporters = []
	metrics.num.samples = 2
	metrics.recording.level = INFO
	metrics.sample.window.ms = 30000
	partition.assignment.strategy = [class org.apache.kafka.clients.consumer.RangeAssignor]
	receive.buffer.bytes = 65536
	reconnect.backoff.max.ms = 1000
	reconnect.backoff.ms = 50
	request.timeout.ms = 30000
	retry.backoff.ms = 100
	sasl.client.callback.handler.class = null
	sasl.jaas.config = null
	sasl.kerberos.kinit.cmd = /usr/bin/kinit
	sasl.kerberos.min.time.before.relogin = 60000
	sasl.kerberos.service.name = null
	sasl.kerberos.ticket.renew.jitter = 0.05
	sasl.kerberos.ticket.renew.window.factor = 0.8
	sasl.login.callback.handler.class = null
	sasl.login.class = null
	sasl.login.refresh.buffer.seconds = 300
	sasl.login.refresh.min.period.seconds = 60
	sasl.login.refresh.window.factor = 0.8
	sasl.login.refresh.window.jitter = 0.05
	sasl.mechanism = GSSAPI
	security.protocol = PLAINTEXT
	send.buffer.bytes = 131072
	session.timeout.ms = 10000
	ssl.cipher.suites = null
	ssl.enabled.protocols = [TLSv1.2, TLSv1.1, TLSv1]
	ssl.endpoint.identification.algorithm = https
	ssl.key.password = null
	ssl.keymanager.algorithm = SunX509
	ssl.keystore.location = null
	ssl.keystore.password = null
	ssl.keystore.type = JKS
	ssl.protocol = TLS
	ssl.provider = null
	ssl.secure.random.implementation = null
	ssl.trustmanager.algorithm = PKIX
	ssl.truststore.location = null
	ssl.truststore.password = null
	ssl.truststore.type = JKS
	value.deserializer = class org.apache.kafka.common.serialization.StringDeserializer

2021-04-22 15:42:05 [main] INFO  org.apache.kafka.common.utils.AppInfoParser - Kafka version: 2.3.1
2021-04-22 15:42:05 [main] INFO  org.apache.kafka.common.utils.AppInfoParser - Kafka commitId: 18a913733fb71c01
2021-04-22 15:42:05 [main] INFO  org.apache.kafka.common.utils.AppInfoParser - Kafka startTimeMs: 1619077325359
2021-04-22 15:42:05 [main] INFO  org.apache.kafka.clients.consumer.KafkaConsumer - [Consumer clientId=consumer-3, groupId=my_test_group] Subscribed to topic(s): order_test
2021-04-22 15:42:05 [main] INFO  o.s.scheduling.concurrent.ThreadPoolTaskScheduler - Initializing ExecutorService
2021-04-22 15:42:05 [main] INFO  org.apache.kafka.clients.consumer.ConsumerConfig - ConsumerConfig values: 
	allow.auto.create.topics = true
	auto.commit.interval.ms = 100
	auto.offset.reset = earliest
	bootstrap.servers = [172.16.0.63:29200]
	check.crcs = true
	client.dns.lookup = default
	client.id = 
	client.rack = 
	connections.max.idle.ms = 540000
	default.api.timeout.ms = 60000
	enable.auto.commit = true
	exclude.internal.topics = true
	fetch.max.bytes = 52428800
	fetch.max.wait.ms = 500
	fetch.min.bytes = 1
	group.id = my_test_group
	group.instance.id = null
	heartbeat.interval.ms = 3000
	interceptor.classes = []
	internal.leave.group.on.close = true
	isolation.level = read_uncommitted
	key.deserializer = class org.apache.kafka.common.serialization.StringDeserializer
	max.partition.fetch.bytes = 1048576
	max.poll.interval.ms = 300000
	max.poll.records = 500
	metadata.max.age.ms = 300000
	metric.reporters = []
	metrics.num.samples = 2
	metrics.recording.level = INFO
	metrics.sample.window.ms = 30000
	partition.assignment.strategy = [class org.apache.kafka.clients.consumer.RangeAssignor]
	receive.buffer.bytes = 65536
	reconnect.backoff.max.ms = 1000
	reconnect.backoff.ms = 50
	request.timeout.ms = 30000
	retry.backoff.ms = 100
	sasl.client.callback.handler.class = null
	sasl.jaas.config = null
	sasl.kerberos.kinit.cmd = /usr/bin/kinit
	sasl.kerberos.min.time.before.relogin = 60000
	sasl.kerberos.service.name = null
	sasl.kerberos.ticket.renew.jitter = 0.05
	sasl.kerberos.ticket.renew.window.factor = 0.8
	sasl.login.callback.handler.class = null
	sasl.login.class = null
	sasl.login.refresh.buffer.seconds = 300
	sasl.login.refresh.min.period.seconds = 60
	sasl.login.refresh.window.factor = 0.8
	sasl.login.refresh.window.jitter = 0.05
	sasl.mechanism = GSSAPI
	security.protocol = PLAINTEXT
	send.buffer.bytes = 131072
	session.timeout.ms = 10000
	ssl.cipher.suites = null
	ssl.enabled.protocols = [TLSv1.2, TLSv1.1, TLSv1]
	ssl.endpoint.identification.algorithm = https
	ssl.key.password = null
	ssl.keymanager.algorithm = SunX509
	ssl.keystore.location = null
	ssl.keystore.password = null
	ssl.keystore.type = JKS
	ssl.protocol = TLS
	ssl.provider = null
	ssl.secure.random.implementation = null
	ssl.trustmanager.algorithm = PKIX
	ssl.truststore.location = null
	ssl.truststore.password = null
	ssl.truststore.type = JKS
	value.deserializer = class org.apache.kafka.common.serialization.StringDeserializer

2021-04-22 15:42:05 [main] INFO  org.apache.kafka.common.utils.AppInfoParser - Kafka version: 2.3.1
2021-04-22 15:42:05 [main] INFO  org.apache.kafka.common.utils.AppInfoParser - Kafka commitId: 18a913733fb71c01
2021-04-22 15:42:05 [main] INFO  org.apache.kafka.common.utils.AppInfoParser - Kafka startTimeMs: 1619077325366
2021-04-22 15:42:05 [main] INFO  org.apache.kafka.clients.consumer.KafkaConsumer - [Consumer clientId=consumer-4, groupId=my_test_group] Subscribed to topic(s): order_test
2021-04-22 15:42:05 [main] INFO  o.s.scheduling.concurrent.ThreadPoolTaskScheduler - Initializing ExecutorService
2021-04-22 15:42:05 [main] INFO  org.apache.kafka.clients.consumer.ConsumerConfig - ConsumerConfig values: 
	allow.auto.create.topics = true
	auto.commit.interval.ms = 100
	auto.offset.reset = earliest
	bootstrap.servers = [172.16.0.63:29200]
	check.crcs = true
	client.dns.lookup = default
	client.id = 
	client.rack = 
	connections.max.idle.ms = 540000
	default.api.timeout.ms = 60000
	enable.auto.commit = true
	exclude.internal.topics = true
	fetch.max.bytes = 52428800
	fetch.max.wait.ms = 500
	fetch.min.bytes = 1
	group.id = my_test_group
	group.instance.id = null
	heartbeat.interval.ms = 3000
	interceptor.classes = []
	internal.leave.group.on.close = true
	isolation.level = read_uncommitted
	key.deserializer = class org.apache.kafka.common.serialization.StringDeserializer
	max.partition.fetch.bytes = 1048576
	max.poll.interval.ms = 300000
	max.poll.records = 500
	metadata.max.age.ms = 300000
	metric.reporters = []
	metrics.num.samples = 2
	metrics.recording.level = INFO
	metrics.sample.window.ms = 30000
	partition.assignment.strategy = [class org.apache.kafka.clients.consumer.RangeAssignor]
	receive.buffer.bytes = 65536
	reconnect.backoff.max.ms = 1000
	reconnect.backoff.ms = 50
	request.timeout.ms = 30000
	retry.backoff.ms = 100
	sasl.client.callback.handler.class = null
	sasl.jaas.config = null
	sasl.kerberos.kinit.cmd = /usr/bin/kinit
	sasl.kerberos.min.time.before.relogin = 60000
	sasl.kerberos.service.name = null
	sasl.kerberos.ticket.renew.jitter = 0.05
	sasl.kerberos.ticket.renew.window.factor = 0.8
	sasl.login.callback.handler.class = null
	sasl.login.class = null
	sasl.login.refresh.buffer.seconds = 300
	sasl.login.refresh.min.period.seconds = 60
	sasl.login.refresh.window.factor = 0.8
	sasl.login.refresh.window.jitter = 0.05
	sasl.mechanism = GSSAPI
	security.protocol = PLAINTEXT
	send.buffer.bytes = 131072
	session.timeout.ms = 10000
	ssl.cipher.suites = null
	ssl.enabled.protocols = [TLSv1.2, TLSv1.1, TLSv1]
	ssl.endpoint.identification.algorithm = https
	ssl.key.password = null
	ssl.keymanager.algorithm = SunX509
	ssl.keystore.location = null
	ssl.keystore.password = null
	ssl.keystore.type = JKS
	ssl.protocol = TLS
	ssl.provider = null
	ssl.secure.random.implementation = null
	ssl.trustmanager.algorithm = PKIX
	ssl.truststore.location = null
	ssl.truststore.password = null
	ssl.truststore.type = JKS
	value.deserializer = class org.apache.kafka.common.serialization.StringDeserializer

2021-04-22 15:42:05 [main] INFO  org.apache.kafka.common.utils.AppInfoParser - Kafka version: 2.3.1
2021-04-22 15:42:05 [main] INFO  org.apache.kafka.common.utils.AppInfoParser - Kafka commitId: 18a913733fb71c01
2021-04-22 15:42:05 [main] INFO  org.apache.kafka.common.utils.AppInfoParser - Kafka startTimeMs: 1619077325371
2021-04-22 15:42:05 [main] INFO  org.apache.kafka.clients.consumer.KafkaConsumer - [Consumer clientId=consumer-5, groupId=my_test_group] Subscribed to topic(s): order_test
2021-04-22 15:42:05 [main] INFO  o.s.scheduling.concurrent.ThreadPoolTaskScheduler - Initializing ExecutorService
2021-04-22 15:42:05 [main] INFO  org.apache.coyote.http11.Http11NioProtocol - Starting ProtocolHandler ["http-nio-8081"]
2021-04-22 15:42:05 [main] INFO  o.s.boot.web.embedded.tomcat.TomcatWebServer - Tomcat started on port(s): 8081 (http) with context path '/girl'
2021-04-22 15:42:05 [main] INFO  com.example.admin.AdminApplication - Started AdminApplication in 5.307 seconds (JVM running for 6.036)
2021-04-22 15:42:05 [main] INFO  com.example.admin.commons.componet.PermApplication - controller request url:/auth
2021-04-22 15:43:26 [pool-1-thread-1] INFO  c.example.admin.commons.listener.AccessLogListener -  temp info:AccessLoggerInfo(id=bdd55139-0fa6-4fe4-87f7-cf34c2508942, action=toString, module=demo, describe=demoController, method=public java.lang.String java.lang.Object.toString(), target=class com.example.admin.controller.DemoController, parameters={}, ip=null, url=null, httpHeaders=null, httpMethod=null, response=com.example.admin.controller.DemoController@3149409c, requestTime=1619077336713, responseTime=1619077336717, exception=null, authUser=null)
2021-04-22 15:43:28 [pool-1-thread-1] INFO  c.example.admin.commons.listener.AccessLogListener -  accessLog:AccessLog(id=null, ip=null, url=null, targetClass=DemoController, targetMethod=toString, httpMethod=null, Exception=null, requestBody=null, module=demo, action=toString, description=null, requestTime=1619077336713, responseStatus=0, responseCode=null, responseTime=1619077336717, cost=4)
2021-04-22 15:45:00 [main] INFO  com.example.admin.commons.componet.PermApplication - controller request url:/demo
2021-04-22 15:45:03 [main] INFO  com.example.admin.commons.componet.PermApplication - controller request url:/perm
2021-04-22 15:45:03 [pool-1-thread-2] INFO  c.example.admin.commons.listener.AccessLogListener -  temp info:AccessLoggerInfo(id=34119da2-12d8-4993-8a89-7f6f12154af9, action=toString, module=demo, describe=demoController, method=public java.lang.String java.lang.Object.toString(), target=class com.example.admin.controller.DemoController, parameters={}, ip=null, url=null, httpHeaders=null, httpMethod=null, response=com.example.admin.controller.DemoController@3149409c, requestTime=1619077500563, responseTime=1619077500563, exception=null, authUser=null)
2021-04-22 15:45:03 [pool-1-thread-3] INFO  c.example.admin.commons.listener.AccessLogListener -  temp info:AccessLoggerInfo(id=5af88773-6464-448a-86b3-6b4d114fd9dd, action=toString, module=demo, describe=demoController, method=public java.lang.String java.lang.Object.toString(), target=class com.example.admin.controller.DemoController, parameters={}, ip=null, url=null, httpHeaders=null, httpMethod=null, response=com.example.admin.controller.DemoController@3149409c, requestTime=1619077500565, responseTime=1619077500565, exception=null, authUser=null)
2021-04-22 15:45:03 [pool-1-thread-2] INFO  c.example.admin.commons.listener.AccessLogListener -  accessLog:AccessLog(id=null, ip=null, url=null, targetClass=DemoController, targetMethod=toString, httpMethod=null, Exception=null, requestBody=null, module=demo, action=toString, description=null, requestTime=1619077500563, responseStatus=0, responseCode=null, responseTime=1619077500563, cost=0)
2021-04-22 15:45:03 [main] INFO  com.example.admin.commons.componet.PermApplication - auth:perm:list,desc:查询
2021-04-22 15:45:03 [pool-1-thread-3] INFO  c.example.admin.commons.listener.AccessLogListener -  accessLog:AccessLog(id=null, ip=null, url=null, targetClass=DemoController, targetMethod=toString, httpMethod=null, Exception=null, requestBody=null, module=demo, action=toString, description=null, requestTime=1619077500565, responseStatus=0, responseCode=null, responseTime=1619077500565, cost=0)
2021-04-22 15:45:03 [main] INFO  com.example.admin.commons.componet.PermApplication - url:/perm
2021-04-22 15:45:03 [main] INFO  com.example.admin.commons.componet.PermApplication - auth:perm:edit,desc:编辑
2021-04-22 15:45:03 [main] INFO  com.example.admin.commons.componet.PermApplication - url:/perm
2021-04-22 15:45:03 [main] INFO  com.example.admin.commons.componet.PermApplication - controller request url:/data_dict
2021-04-22 15:45:03 [main] INFO  com.example.admin.commons.componet.PermApplication - controller request url:/sys_user
2021-04-22 15:45:03 [main] INFO  com.example.admin.commons.componet.PermApplication - controller request url:/user
2021-04-22 15:45:06 [org.springframework.kafka.KafkaListenerEndpointContainer#0-1-C-1] INFO  org.apache.kafka.clients.consumer.KafkaConsumer - [Consumer clientId=consumer-2, groupId=my_test_group] Unsubscribed all topics or patterns and assigned partitions
2021-04-22 15:45:06 [org.springframework.kafka.KafkaListenerEndpointContainer#0-4-C-1] INFO  org.apache.kafka.clients.consumer.KafkaConsumer - [Consumer clientId=consumer-5, groupId=my_test_group] Unsubscribed all topics or patterns and assigned partitions
2021-04-22 15:45:06 [org.springframework.kafka.KafkaListenerEndpointContainer#0-3-C-1] INFO  org.apache.kafka.clients.consumer.KafkaConsumer - [Consumer clientId=consumer-4, groupId=my_test_group] Unsubscribed all topics or patterns and assigned partitions
2021-04-22 15:45:06 [org.springframework.kafka.KafkaListenerEndpointContainer#0-0-C-1] INFO  org.apache.kafka.clients.consumer.KafkaConsumer - [Consumer clientId=consumer-1, groupId=my_test_group] Unsubscribed all topics or patterns and assigned partitions
2021-04-22 15:45:06 [org.springframework.kafka.KafkaListenerEndpointContainer#0-1-C-1] INFO  o.s.scheduling.concurrent.ThreadPoolTaskScheduler - Shutting down ExecutorService
2021-04-22 15:45:06 [org.springframework.kafka.KafkaListenerEndpointContainer#0-2-C-1] INFO  org.apache.kafka.clients.consumer.KafkaConsumer - [Consumer clientId=consumer-3, groupId=my_test_group] Unsubscribed all topics or patterns and assigned partitions
2021-04-22 15:45:06 [org.springframework.kafka.KafkaListenerEndpointContainer#0-4-C-1] INFO  o.s.scheduling.concurrent.ThreadPoolTaskScheduler - Shutting down ExecutorService
2021-04-22 15:45:06 [org.springframework.kafka.KafkaListenerEndpointContainer#0-3-C-1] INFO  o.s.scheduling.concurrent.ThreadPoolTaskScheduler - Shutting down ExecutorService
2021-04-22 15:45:06 [org.springframework.kafka.KafkaListenerEndpointContainer#0-2-C-1] INFO  o.s.scheduling.concurrent.ThreadPoolTaskScheduler - Shutting down ExecutorService
2021-04-22 15:45:06 [org.springframework.kafka.KafkaListenerEndpointContainer#0-0-C-1] INFO  o.s.scheduling.concurrent.ThreadPoolTaskScheduler - Shutting down ExecutorService
2021-04-22 15:45:06 [org.springframework.kafka.KafkaListenerEndpointContainer#0-2-C-1] INFO  o.s.k.l.KafkaMessageListenerContainer$ListenerConsumer - my_test_group: Consumer stopped
2021-04-22 15:45:06 [org.springframework.kafka.KafkaListenerEndpointContainer#0-3-C-1] INFO  o.s.k.l.KafkaMessageListenerContainer$ListenerConsumer - my_test_group: Consumer stopped
2021-04-22 15:45:06 [org.springframework.kafka.KafkaListenerEndpointContainer#0-4-C-1] INFO  o.s.k.l.KafkaMessageListenerContainer$ListenerConsumer - my_test_group: Consumer stopped
2021-04-22 15:45:06 [org.springframework.kafka.KafkaListenerEndpointContainer#0-1-C-1] INFO  o.s.k.l.KafkaMessageListenerContainer$ListenerConsumer - my_test_group: Consumer stopped
2021-04-22 15:45:06 [org.springframework.kafka.KafkaListenerEndpointContainer#0-0-C-1] INFO  o.s.k.l.KafkaMessageListenerContainer$ListenerConsumer - my_test_group: Consumer stopped
2021-04-22 15:45:06 [SpringContextShutdownHook] INFO  com.alibaba.druid.pool.DruidDataSource - {dataSource-1} closing ...
2021-04-22 15:45:06 [SpringContextShutdownHook] INFO  com.alibaba.druid.pool.DruidDataSource - {dataSource-1} closed
